[2024-01-10 10:07:37 [32mINFO [0;39m restartedMain] [com.greengram.greengram4.Greengram4Application] [36mStarting Greengram4Application using Java 17.0.8.1 with PID 4996 (D:\Students\hyun\java\greengram4\build\classes\java\main started by Administrator in D:\Students\hyun\java\greengram4)[0;39m
[2024-01-10 10:07:37 [32mINFO [0;39m restartedMain] [com.greengram.greengram4.Greengram4Application] [36mNo active profile set, falling back to 1 default profile: "default"[0;39m
[2024-01-10 10:07:37 [32mINFO [0;39m restartedMain] [org.springframework.boot.devtools.env.DevToolsPropertyDefaultsPostProcessor] [36mDevtools property defaults active! Set 'spring.devtools.add-properties' to 'false' to disable[0;39m
[2024-01-10 10:07:37 [32mINFO [0;39m restartedMain] [org.springframework.boot.devtools.env.DevToolsPropertyDefaultsPostProcessor] [36mFor additional web related logging consider setting the 'logging.level.web' property to 'DEBUG'[0;39m
[2024-01-10 10:07:38 [32mINFO [0;39m restartedMain] [org.springframework.boot.web.embedded.tomcat.TomcatWebServer] [36mTomcat initialized with port 8082 (http)[0;39m
[2024-01-10 10:07:38 [32mINFO [0;39m restartedMain] [org.apache.coyote.http11.Http11NioProtocol] [36mInitializing ProtocolHandler ["http-nio-8082"][0;39m
[2024-01-10 10:07:38 [32mINFO [0;39m restartedMain] [org.apache.catalina.core.StandardService] [36mStarting service [Tomcat][0;39m
[2024-01-10 10:07:38 [32mINFO [0;39m restartedMain] [org.apache.catalina.core.StandardEngine] [36mStarting Servlet engine: [Apache Tomcat/10.1.17][0;39m
[2024-01-10 10:07:38 [32mINFO [0;39m restartedMain] [org.apache.catalina.core.ContainerBase.[Tomcat].[localhost].[/]] [36mInitializing Spring embedded WebApplicationContext[0;39m
[2024-01-10 10:07:38 [32mINFO [0;39m restartedMain] [org.springframework.boot.web.servlet.context.ServletWebServerApplicationContext] [36mRoot WebApplicationContext: initialization completed in 1139 ms[0;39m
[2024-01-10 10:07:38 [32mINFO [0;39m restartedMain] [com.greengram.greengram4.security.JwtTokenProvider] [36msecret : DaeguGreenArtAcademyClass502RoomForJavaSpringBootFighting[0;39m
[2024-01-10 10:07:38 [32mINFO [0;39m restartedMain] [com.greengram.greengram4.security.JwtTokenProvider] [36mkeyBytes : [13, -89, -96, -72, 106, -34, 122, 112, 43, -76, 7, 26, 117, -23, -78, 10, 86, -84, -77, -99, 54, 70, -118, 38, 22, -118, -55, 106, -10, -110, -90, -72, -89, -128, 26, 40, -76, 88, -96, -122, -40, -89][0;39m
[2024-01-10 10:07:38 [32mINFO [0;39m restartedMain] [com.greengram.greengram4.common.FirebaseConfiguration] [36mFirebaseApp Initialization Complete !!![0;39m
[2024-01-10 10:07:38 [33mWARN [0;39m restartedMain] [org.springframework.boot.autoconfigure.security.servlet.UserDetailsServiceAutoConfiguration] [36m

Using generated security password: bd286ea9-2c31-4718-9554-90e82392249d

This generated password is for development use only. Your security configuration must be updated before running your application in production.
[0;39m
[2024-01-10 10:07:38 [32mINFO [0;39m restartedMain] [org.springframework.boot.autoconfigure.web.servlet.WelcomePageHandlerMapping] [36mAdding welcome page: class path resource [static/index.html][0;39m
[2024-01-10 10:07:38 [32mINFO [0;39m restartedMain] [org.springframework.security.web.DefaultSecurityFilterChain] [36mWill secure any request with [org.springframework.security.web.session.DisableEncodeUrlFilter@29ee7d13, org.springframework.security.web.context.request.async.WebAsyncManagerIntegrationFilter@25faad2, org.springframework.security.web.context.SecurityContextHolderFilter@24693647, org.springframework.security.web.header.HeaderWriterFilter@61336647, org.springframework.web.filter.CorsFilter@1caf52a6, org.springframework.security.web.authentication.logout.LogoutFilter@13ce02c6, com.greengram.greengram4.security.JwtAuthenticationFilter@4140cb58, org.springframework.security.web.savedrequest.RequestCacheAwareFilter@798222f3, org.springframework.security.web.servletapi.SecurityContextHolderAwareRequestFilter@3a1fd2c4, org.springframework.security.web.authentication.AnonymousAuthenticationFilter@63c979d6, org.springframework.security.web.session.SessionManagementFilter@3ff02341, org.springframework.security.web.access.ExceptionTranslationFilter@58dcc739, org.springframework.security.web.access.intercept.AuthorizationFilter@505f78a4][0;39m
[2024-01-10 10:07:39 [32mINFO [0;39m restartedMain] [org.springframework.boot.devtools.autoconfigure.OptionalLiveReloadServer] [36mLiveReload server is running on port 35729[0;39m
[2024-01-10 10:07:39 [32mINFO [0;39m restartedMain] [org.apache.coyote.http11.Http11NioProtocol] [36mStarting ProtocolHandler ["http-nio-8082"][0;39m
[2024-01-10 10:07:39 [32mINFO [0;39m restartedMain] [org.springframework.boot.web.embedded.tomcat.TomcatWebServer] [36mTomcat started on port 8082 (http) with context path ''[0;39m
[2024-01-10 10:07:39 [32mINFO [0;39m restartedMain] [com.greengram.greengram4.Greengram4Application] [36mStarted Greengram4Application in 2.484 seconds (process running for 3.503)[0;39m
[2024-01-10 10:07:42 [32mINFO [0;39m http-nio-8082-exec-1] [org.apache.catalina.core.ContainerBase.[Tomcat].[localhost].[/]] [36mInitializing Spring DispatcherServlet 'dispatcherServlet'[0;39m
[2024-01-10 10:07:42 [32mINFO [0;39m http-nio-8082-exec-1] [org.springframework.web.servlet.DispatcherServlet] [36mInitializing Servlet 'dispatcherServlet'[0;39m
[2024-01-10 10:07:42 [32mINFO [0;39m http-nio-8082-exec-1] [org.springframework.web.servlet.DispatcherServlet] [36mCompleted initialization in 1 ms[0;39m
[2024-01-10 10:10:12 [32mINFO [0;39m http-nio-8082-exec-1] [com.greengram.greengram4.security.JwtAuthenticationFilter] [36mJwtAuthentication-Token : null[0;39m
[2024-01-10 10:10:12 [32mINFO [0;39m http-nio-8082-exec-5] [com.greengram.greengram4.security.JwtAuthenticationFilter] [36mJwtAuthentication-Token : null[0;39m
[2024-01-10 10:10:12 [32mINFO [0;39m http-nio-8082-exec-6] [com.greengram.greengram4.security.JwtAuthenticationFilter] [36mJwtAuthentication-Token : null[0;39m
[2024-01-10 10:10:12 [32mINFO [0;39m http-nio-8082-exec-4] [com.greengram.greengram4.security.JwtAuthenticationFilter] [36mJwtAuthentication-Token : null[0;39m
[2024-01-10 10:10:12 [32mINFO [0;39m http-nio-8082-exec-3] [com.greengram.greengram4.security.JwtAuthenticationFilter] [36mJwtAuthentication-Token : null[0;39m
[2024-01-10 10:10:12 [32mINFO [0;39m http-nio-8082-exec-7] [com.greengram.greengram4.security.JwtAuthenticationFilter] [36mJwtAuthentication-Token : null[0;39m
[2024-01-10 10:10:12 [32mINFO [0;39m http-nio-8082-exec-2] [com.greengram.greengram4.security.JwtAuthenticationFilter] [36mJwtAuthentication-Token : null[0;39m
[2024-01-10 10:10:15 [32mINFO [0;39m restartedMain] [com.greengram.greengram4.Greengram4Application] [36mStarting Greengram4Application using Java 17.0.8.1 with PID 1716 (D:\Students\hyun\java\greengram4\build\classes\java\main started by Administrator in D:\Students\hyun\java\greengram4)[0;39m
[2024-01-10 10:10:15 [32mINFO [0;39m restartedMain] [com.greengram.greengram4.Greengram4Application] [36mNo active profile set, falling back to 1 default profile: "default"[0;39m
[2024-01-10 10:10:15 [32mINFO [0;39m restartedMain] [org.springframework.boot.devtools.env.DevToolsPropertyDefaultsPostProcessor] [36mDevtools property defaults active! Set 'spring.devtools.add-properties' to 'false' to disable[0;39m
[2024-01-10 10:10:15 [32mINFO [0;39m restartedMain] [org.springframework.boot.devtools.env.DevToolsPropertyDefaultsPostProcessor] [36mFor additional web related logging consider setting the 'logging.level.web' property to 'DEBUG'[0;39m
[2024-01-10 10:10:16 [32mINFO [0;39m restartedMain] [org.springframework.boot.web.embedded.tomcat.TomcatWebServer] [36mTomcat initialized with port 8082 (http)[0;39m
[2024-01-10 10:10:16 [32mINFO [0;39m restartedMain] [org.apache.coyote.http11.Http11NioProtocol] [36mInitializing ProtocolHandler ["http-nio-8082"][0;39m
[2024-01-10 10:10:16 [32mINFO [0;39m restartedMain] [org.apache.catalina.core.StandardService] [36mStarting service [Tomcat][0;39m
[2024-01-10 10:10:16 [32mINFO [0;39m restartedMain] [org.apache.catalina.core.StandardEngine] [36mStarting Servlet engine: [Apache Tomcat/10.1.17][0;39m
[2024-01-10 10:10:16 [32mINFO [0;39m restartedMain] [org.apache.catalina.core.ContainerBase.[Tomcat].[localhost].[/]] [36mInitializing Spring embedded WebApplicationContext[0;39m
[2024-01-10 10:10:16 [32mINFO [0;39m restartedMain] [org.springframework.boot.web.servlet.context.ServletWebServerApplicationContext] [36mRoot WebApplicationContext: initialization completed in 1000 ms[0;39m
[2024-01-10 10:10:16 [32mINFO [0;39m restartedMain] [com.greengram.greengram4.security.JwtTokenProvider] [36msecret : DaeguGreenArtAcademyClass502RoomForJavaSpringBootFighting[0;39m
[2024-01-10 10:10:16 [32mINFO [0;39m restartedMain] [com.greengram.greengram4.security.JwtTokenProvider] [36mkeyBytes : [13, -89, -96, -72, 106, -34, 122, 112, 43, -76, 7, 26, 117, -23, -78, 10, 86, -84, -77, -99, 54, 70, -118, 38, 22, -118, -55, 106, -10, -110, -90, -72, -89, -128, 26, 40, -76, 88, -96, -122, -40, -89][0;39m
[2024-01-10 10:10:16 [32mINFO [0;39m restartedMain] [com.greengram.greengram4.common.FirebaseConfiguration] [36mFirebaseApp Initialization Complete !!![0;39m
[2024-01-10 10:10:17 [33mWARN [0;39m restartedMain] [org.springframework.boot.autoconfigure.security.servlet.UserDetailsServiceAutoConfiguration] [36m

Using generated security password: e1077170-af30-448b-873b-fe4e6bc18a0e

This generated password is for development use only. Your security configuration must be updated before running your application in production.
[0;39m
[2024-01-10 10:10:17 [32mINFO [0;39m restartedMain] [org.springframework.boot.autoconfigure.web.servlet.WelcomePageHandlerMapping] [36mAdding welcome page: class path resource [static/index.html][0;39m
[2024-01-10 10:10:17 [32mINFO [0;39m restartedMain] [org.springframework.security.web.DefaultSecurityFilterChain] [36mWill secure any request with [org.springframework.security.web.session.DisableEncodeUrlFilter@33d7f99, org.springframework.security.web.context.request.async.WebAsyncManagerIntegrationFilter@61bc02a5, org.springframework.security.web.context.SecurityContextHolderFilter@59aafc47, org.springframework.security.web.header.HeaderWriterFilter@45305b10, org.springframework.web.filter.CorsFilter@1044f4f4, org.springframework.security.web.authentication.logout.LogoutFilter@70a1f688, com.greengram.greengram4.security.JwtAuthenticationFilter@10047da6, org.springframework.security.web.savedrequest.RequestCacheAwareFilter@7d3f66c0, org.springframework.security.web.servletapi.SecurityContextHolderAwareRequestFilter@7e5a109d, org.springframework.security.web.authentication.AnonymousAuthenticationFilter@4e49c737, org.springframework.security.web.session.SessionManagementFilter@443a591, org.springframework.security.web.access.ExceptionTranslationFilter@514a0357, org.springframework.security.web.access.intercept.AuthorizationFilter@6bd13645][0;39m
[2024-01-10 10:10:17 [32mINFO [0;39m restartedMain] [org.springframework.boot.devtools.autoconfigure.OptionalLiveReloadServer] [36mLiveReload server is running on port 35729[0;39m
[2024-01-10 10:10:17 [32mINFO [0;39m restartedMain] [org.apache.coyote.http11.Http11NioProtocol] [36mStarting ProtocolHandler ["http-nio-8082"][0;39m
[2024-01-10 10:10:17 [32mINFO [0;39m restartedMain] [org.springframework.boot.web.embedded.tomcat.TomcatWebServer] [36mTomcat started on port 8082 (http) with context path ''[0;39m
[2024-01-10 10:10:17 [32mINFO [0;39m restartedMain] [com.greengram.greengram4.Greengram4Application] [36mStarted Greengram4Application in 2.558 seconds (process running for 2.998)[0;39m
[2024-01-10 10:10:17 [32mINFO [0;39m http-nio-8082-exec-1] [org.apache.catalina.core.ContainerBase.[Tomcat].[localhost].[/]] [36mInitializing Spring DispatcherServlet 'dispatcherServlet'[0;39m
[2024-01-10 10:10:17 [32mINFO [0;39m http-nio-8082-exec-1] [org.springframework.web.servlet.DispatcherServlet] [36mInitializing Servlet 'dispatcherServlet'[0;39m
[2024-01-10 10:10:17 [32mINFO [0;39m http-nio-8082-exec-1] [org.springframework.web.servlet.DispatcherServlet] [36mCompleted initialization in 1 ms[0;39m
[2024-01-10 10:10:17 [32mINFO [0;39m http-nio-8082-exec-1] [com.greengram.greengram4.security.JwtAuthenticationFilter] [36mJwtAuthentication-Token : null[0;39m
[2024-01-10 10:10:18 [32mINFO [0;39m http-nio-8082-exec-3] [com.greengram.greengram4.security.JwtAuthenticationFilter] [36mJwtAuthentication-Token : null[0;39m
[2024-01-10 10:10:18 [32mINFO [0;39m http-nio-8082-exec-2] [com.greengram.greengram4.security.JwtAuthenticationFilter] [36mJwtAuthentication-Token : null[0;39m
[2024-01-10 10:10:18 [32mINFO [0;39m http-nio-8082-exec-5] [com.greengram.greengram4.security.JwtAuthenticationFilter] [36mJwtAuthentication-Token : null[0;39m
[2024-01-10 10:10:18 [32mINFO [0;39m http-nio-8082-exec-7] [com.greengram.greengram4.security.JwtAuthenticationFilter] [36mJwtAuthentication-Token : null[0;39m
[2024-01-10 10:10:18 [32mINFO [0;39m http-nio-8082-exec-6] [com.greengram.greengram4.security.JwtAuthenticationFilter] [36mJwtAuthentication-Token : null[0;39m
[2024-01-10 10:10:18 [32mINFO [0;39m http-nio-8082-exec-4] [com.greengram.greengram4.security.JwtAuthenticationFilter] [36mJwtAuthentication-Token : null[0;39m
[2024-01-10 10:10:18 [32mINFO [0;39m http-nio-8082-exec-8] [com.greengram.greengram4.security.JwtAuthenticationFilter] [36mJwtAuthentication-Token : null[0;39m
[2024-01-10 10:10:18 [32mINFO [0;39m http-nio-8082-exec-9] [com.greengram.greengram4.security.JwtAuthenticationFilter] [36mJwtAuthentication-Token : null[0;39m
[2024-01-10 10:10:18 [32mINFO [0;39m http-nio-8082-exec-2] [com.greengram.greengram4.security.JwtAuthenticationFilter] [36mJwtAuthentication-Token : null[0;39m
[2024-01-10 10:10:18 [32mINFO [0;39m http-nio-8082-exec-10] [com.greengram.greengram4.security.JwtAuthenticationFilter] [36mJwtAuthentication-Token : null[0;39m
[2024-01-10 10:10:18 [32mINFO [0;39m http-nio-8082-exec-1] [com.greengram.greengram4.security.JwtAuthenticationFilter] [36mJwtAuthentication-Token : null[0;39m
[2024-01-10 10:10:18 [32mINFO [0;39m http-nio-8082-exec-3] [com.greengram.greengram4.security.JwtAuthenticationFilter] [36mJwtAuthentication-Token : null[0;39m
[2024-01-10 10:10:18 [32mINFO [0;39m http-nio-8082-exec-5] [com.greengram.greengram4.security.JwtAuthenticationFilter] [36mJwtAuthentication-Token : null[0;39m
[2024-01-10 10:10:18 [32mINFO [0;39m http-nio-8082-exec-6] [com.greengram.greengram4.security.JwtAuthenticationFilter] [36mJwtAuthentication-Token : null[0;39m
[2024-01-10 10:10:18 [32mINFO [0;39m http-nio-8082-exec-4] [com.greengram.greengram4.security.JwtAuthenticationFilter] [36mJwtAuthentication-Token : null[0;39m
[2024-01-10 10:10:18 [32mINFO [0;39m http-nio-8082-exec-4] [org.springdoc.api.AbstractOpenApiResource] [36mInit duration for springdoc-openapi is: 220 ms[0;39m
[2024-01-10 10:10:35 [32mINFO [0;39m http-nio-8082-exec-7] [com.greengram.greengram4.security.JwtAuthenticationFilter] [36mJwtAuthentication-Token : null[0;39m
[2024-01-10 10:10:35 [32mINFO [0;39m http-nio-8082-exec-7] [com.zaxxer.hikari.HikariDataSource] [36mHikariPool-1 - Starting...[0;39m
[2024-01-10 10:10:35 [32mINFO [0;39m http-nio-8082-exec-7] [com.zaxxer.hikari.pool.HikariPool] [36mHikariPool-1 - Added connection org.mariadb.jdbc.Connection@34cdb93f[0;39m
[2024-01-10 10:10:35 [32mINFO [0;39m http-nio-8082-exec-7] [com.zaxxer.hikari.HikariDataSource] [36mHikariPool-1 - Start completed.[0;39m
[2024-01-10 10:12:17 [32mINFO [0;39m File Watcher] [org.springframework.boot.devtools.autoconfigure.LocalDevToolsAutoConfiguration$RestartingClassPathChangeChangedEventListener] [36mRestarting due to 5 class path changes (0 additions, 0 deletions, 5 modifications)[0;39m
[2024-01-10 10:12:17 [32mINFO [0;39m Thread-5] [org.apache.coyote.http11.Http11NioProtocol] [36mStopping ProtocolHandler ["http-nio-8082"][0;39m
[2024-01-10 10:12:17 [32mINFO [0;39m Thread-5] [com.zaxxer.hikari.HikariDataSource] [36mHikariPool-1 - Shutdown initiated...[0;39m
[2024-01-10 10:12:17 [32mINFO [0;39m Thread-5] [com.zaxxer.hikari.HikariDataSource] [36mHikariPool-1 - Shutdown completed.[0;39m
[2024-01-10 10:12:17 [32mINFO [0;39m restartedMain] [com.greengram.greengram4.Greengram4Application] [36mStarting Greengram4Application using Java 17.0.8.1 with PID 1716 (D:\Students\hyun\java\greengram4\build\classes\java\main started by Administrator in D:\Students\hyun\java\greengram4)[0;39m
[2024-01-10 10:12:17 [32mINFO [0;39m restartedMain] [com.greengram.greengram4.Greengram4Application] [36mNo active profile set, falling back to 1 default profile: "default"[0;39m
[2024-01-10 10:12:18 [32mINFO [0;39m restartedMain] [org.springframework.boot.web.embedded.tomcat.TomcatWebServer] [36mTomcat initialized with port 8082 (http)[0;39m
[2024-01-10 10:12:18 [32mINFO [0;39m restartedMain] [org.apache.coyote.http11.Http11NioProtocol] [36mInitializing ProtocolHandler ["http-nio-8082"][0;39m
[2024-01-10 10:12:18 [32mINFO [0;39m restartedMain] [org.apache.catalina.core.StandardService] [36mStarting service [Tomcat][0;39m
[2024-01-10 10:12:18 [32mINFO [0;39m restartedMain] [org.apache.catalina.core.StandardEngine] [36mStarting Servlet engine: [Apache Tomcat/10.1.17][0;39m
[2024-01-10 10:12:18 [32mINFO [0;39m restartedMain] [org.apache.catalina.core.ContainerBase.[Tomcat].[localhost].[/]] [36mInitializing Spring embedded WebApplicationContext[0;39m
[2024-01-10 10:12:18 [32mINFO [0;39m restartedMain] [org.springframework.boot.web.servlet.context.ServletWebServerApplicationContext] [36mRoot WebApplicationContext: initialization completed in 287 ms[0;39m
[2024-01-10 10:12:18 [32mINFO [0;39m restartedMain] [com.greengram.greengram4.security.JwtTokenProvider] [36msecret : DaeguGreenArtAcademyClass502RoomForJavaSpringBootFighting[0;39m
[2024-01-10 10:12:18 [32mINFO [0;39m restartedMain] [com.greengram.greengram4.security.JwtTokenProvider] [36mkeyBytes : [13, -89, -96, -72, 106, -34, 122, 112, 43, -76, 7, 26, 117, -23, -78, 10, 86, -84, -77, -99, 54, 70, -118, 38, 22, -118, -55, 106, -10, -110, -90, -72, -89, -128, 26, 40, -76, 88, -96, -122, -40, -89][0;39m
[2024-01-10 10:12:18 [33mWARN [0;39m restartedMain] [org.springframework.boot.autoconfigure.security.servlet.UserDetailsServiceAutoConfiguration] [36m

Using generated security password: 815c114c-a268-431b-806d-a5c0d3c2b102

This generated password is for development use only. Your security configuration must be updated before running your application in production.
[0;39m
[2024-01-10 10:12:18 [32mINFO [0;39m restartedMain] [org.springframework.boot.autoconfigure.web.servlet.WelcomePageHandlerMapping] [36mAdding welcome page: class path resource [static/index.html][0;39m
[2024-01-10 10:12:18 [32mINFO [0;39m restartedMain] [org.springframework.security.web.DefaultSecurityFilterChain] [36mWill secure any request with [org.springframework.security.web.session.DisableEncodeUrlFilter@10b67a19, org.springframework.security.web.context.request.async.WebAsyncManagerIntegrationFilter@119ce2b6, org.springframework.security.web.context.SecurityContextHolderFilter@6a09a27f, org.springframework.security.web.header.HeaderWriterFilter@22b17a3e, org.springframework.web.filter.CorsFilter@28fdc8b0, org.springframework.security.web.authentication.logout.LogoutFilter@3a277188, com.greengram.greengram4.security.JwtAuthenticationFilter@4fa064ca, org.springframework.security.web.savedrequest.RequestCacheAwareFilter@2dbb9e7f, org.springframework.security.web.servletapi.SecurityContextHolderAwareRequestFilter@4f2717c, org.springframework.security.web.authentication.AnonymousAuthenticationFilter@719e0615, org.springframework.security.web.session.SessionManagementFilter@236742ce, org.springframework.security.web.access.ExceptionTranslationFilter@6895fc15, org.springframework.security.web.access.intercept.AuthorizationFilter@5c70a94b][0;39m
[2024-01-10 10:12:18 [32mINFO [0;39m restartedMain] [org.springframework.boot.devtools.autoconfigure.OptionalLiveReloadServer] [36mLiveReload server is running on port 35729[0;39m
[2024-01-10 10:12:18 [32mINFO [0;39m restartedMain] [org.apache.coyote.http11.Http11NioProtocol] [36mStarting ProtocolHandler ["http-nio-8082"][0;39m
[2024-01-10 10:12:18 [32mINFO [0;39m restartedMain] [org.springframework.boot.web.embedded.tomcat.TomcatWebServer] [36mTomcat started on port 8082 (http) with context path ''[0;39m
[2024-01-10 10:12:18 [32mINFO [0;39m restartedMain] [com.greengram.greengram4.Greengram4Application] [36mStarted Greengram4Application in 0.48 seconds (process running for 123.526)[0;39m
[2024-01-10 10:12:18 [32mINFO [0;39m restartedMain] [org.springframework.boot.devtools.autoconfigure.ConditionEvaluationDeltaLoggingListener] [36mCondition evaluation unchanged[0;39m
[2024-01-10 10:12:21 [32mINFO [0;39m restartedMain] [com.greengram.greengram4.Greengram4Application] [36mStarting Greengram4Application using Java 17.0.8.1 with PID 5216 (D:\Students\hyun\java\greengram4\build\classes\java\main started by Administrator in D:\Students\hyun\java\greengram4)[0;39m
[2024-01-10 10:12:21 [32mINFO [0;39m restartedMain] [com.greengram.greengram4.Greengram4Application] [36mNo active profile set, falling back to 1 default profile: "default"[0;39m
[2024-01-10 10:12:21 [32mINFO [0;39m restartedMain] [org.springframework.boot.devtools.env.DevToolsPropertyDefaultsPostProcessor] [36mDevtools property defaults active! Set 'spring.devtools.add-properties' to 'false' to disable[0;39m
[2024-01-10 10:12:21 [32mINFO [0;39m restartedMain] [org.springframework.boot.devtools.env.DevToolsPropertyDefaultsPostProcessor] [36mFor additional web related logging consider setting the 'logging.level.web' property to 'DEBUG'[0;39m
[2024-01-10 10:12:22 [32mINFO [0;39m restartedMain] [org.springframework.boot.web.embedded.tomcat.TomcatWebServer] [36mTomcat initialized with port 8082 (http)[0;39m
[2024-01-10 10:12:22 [32mINFO [0;39m restartedMain] [org.apache.coyote.http11.Http11NioProtocol] [36mInitializing ProtocolHandler ["http-nio-8082"][0;39m
[2024-01-10 10:12:22 [32mINFO [0;39m restartedMain] [org.apache.catalina.core.StandardService] [36mStarting service [Tomcat][0;39m
[2024-01-10 10:12:22 [32mINFO [0;39m restartedMain] [org.apache.catalina.core.StandardEngine] [36mStarting Servlet engine: [Apache Tomcat/10.1.17][0;39m
[2024-01-10 10:12:22 [32mINFO [0;39m restartedMain] [org.apache.catalina.core.ContainerBase.[Tomcat].[localhost].[/]] [36mInitializing Spring embedded WebApplicationContext[0;39m
[2024-01-10 10:12:22 [32mINFO [0;39m restartedMain] [org.springframework.boot.web.servlet.context.ServletWebServerApplicationContext] [36mRoot WebApplicationContext: initialization completed in 1009 ms[0;39m
[2024-01-10 10:12:22 [32mINFO [0;39m restartedMain] [com.greengram.greengram4.security.JwtTokenProvider] [36msecret : DaeguGreenArtAcademyClass502RoomForJavaSpringBootFighting[0;39m
[2024-01-10 10:12:22 [32mINFO [0;39m restartedMain] [com.greengram.greengram4.security.JwtTokenProvider] [36mkeyBytes : [13, -89, -96, -72, 106, -34, 122, 112, 43, -76, 7, 26, 117, -23, -78, 10, 86, -84, -77, -99, 54, 70, -118, 38, 22, -118, -55, 106, -10, -110, -90, -72, -89, -128, 26, 40, -76, 88, -96, -122, -40, -89][0;39m
[2024-01-10 10:12:22 [32mINFO [0;39m restartedMain] [com.greengram.greengram4.common.FirebaseConfiguration] [36mFirebaseApp Initialization Complete !!![0;39m
[2024-01-10 10:12:22 [33mWARN [0;39m restartedMain] [org.springframework.boot.autoconfigure.security.servlet.UserDetailsServiceAutoConfiguration] [36m

Using generated security password: 02ed4e69-3898-4757-a00e-2ea6475f91b7

This generated password is for development use only. Your security configuration must be updated before running your application in production.
[0;39m
[2024-01-10 10:12:22 [32mINFO [0;39m restartedMain] [org.springframework.boot.autoconfigure.web.servlet.WelcomePageHandlerMapping] [36mAdding welcome page: class path resource [static/index.html][0;39m
[2024-01-10 10:12:23 [32mINFO [0;39m restartedMain] [org.springframework.security.web.DefaultSecurityFilterChain] [36mWill secure any request with [org.springframework.security.web.session.DisableEncodeUrlFilter@33d7f99, org.springframework.security.web.context.request.async.WebAsyncManagerIntegrationFilter@61bc02a5, org.springframework.security.web.context.SecurityContextHolderFilter@59aafc47, org.springframework.security.web.header.HeaderWriterFilter@45305b10, org.springframework.web.filter.CorsFilter@1044f4f4, org.springframework.security.web.authentication.logout.LogoutFilter@70a1f688, com.greengram.greengram4.security.JwtAuthenticationFilter@10047da6, org.springframework.security.web.savedrequest.RequestCacheAwareFilter@7d3f66c0, org.springframework.security.web.servletapi.SecurityContextHolderAwareRequestFilter@7e5a109d, org.springframework.security.web.authentication.AnonymousAuthenticationFilter@4e49c737, org.springframework.security.web.session.SessionManagementFilter@443a591, org.springframework.security.web.access.ExceptionTranslationFilter@514a0357, org.springframework.security.web.access.intercept.AuthorizationFilter@6bd13645][0;39m
[2024-01-10 10:12:23 [32mINFO [0;39m restartedMain] [org.springframework.boot.devtools.autoconfigure.OptionalLiveReloadServer] [36mLiveReload server is running on port 35729[0;39m
[2024-01-10 10:12:23 [32mINFO [0;39m restartedMain] [org.apache.coyote.http11.Http11NioProtocol] [36mStarting ProtocolHandler ["http-nio-8082"][0;39m
[2024-01-10 10:12:23 [32mINFO [0;39m restartedMain] [org.springframework.boot.web.embedded.tomcat.TomcatWebServer] [36mTomcat started on port 8082 (http) with context path ''[0;39m
[2024-01-10 10:12:23 [32mINFO [0;39m restartedMain] [com.greengram.greengram4.Greengram4Application] [36mStarted Greengram4Application in 2.393 seconds (process running for 2.832)[0;39m
[2024-01-10 10:12:23 [32mINFO [0;39m http-nio-8082-exec-1] [org.apache.catalina.core.ContainerBase.[Tomcat].[localhost].[/]] [36mInitializing Spring DispatcherServlet 'dispatcherServlet'[0;39m
[2024-01-10 10:12:23 [32mINFO [0;39m http-nio-8082-exec-1] [org.springframework.web.servlet.DispatcherServlet] [36mInitializing Servlet 'dispatcherServlet'[0;39m
[2024-01-10 10:12:23 [32mINFO [0;39m http-nio-8082-exec-1] [org.springframework.web.servlet.DispatcherServlet] [36mCompleted initialization in 1 ms[0;39m
[2024-01-10 10:12:23 [32mINFO [0;39m http-nio-8082-exec-1] [com.greengram.greengram4.security.JwtAuthenticationFilter] [36mJwtAuthentication-Token : null[0;39m
[2024-01-10 10:12:23 [32mINFO [0;39m http-nio-8082-exec-2] [com.greengram.greengram4.security.JwtAuthenticationFilter] [36mJwtAuthentication-Token : null[0;39m
[2024-01-10 10:12:23 [32mINFO [0;39m http-nio-8082-exec-3] [com.greengram.greengram4.security.JwtAuthenticationFilter] [36mJwtAuthentication-Token : null[0;39m
[2024-01-10 10:12:23 [32mINFO [0;39m http-nio-8082-exec-4] [com.greengram.greengram4.security.JwtAuthenticationFilter] [36mJwtAuthentication-Token : null[0;39m
[2024-01-10 10:12:23 [32mINFO [0;39m http-nio-8082-exec-6] [com.greengram.greengram4.security.JwtAuthenticationFilter] [36mJwtAuthentication-Token : null[0;39m
[2024-01-10 10:12:23 [32mINFO [0;39m http-nio-8082-exec-5] [com.greengram.greengram4.security.JwtAuthenticationFilter] [36mJwtAuthentication-Token : null[0;39m
[2024-01-10 10:12:23 [32mINFO [0;39m http-nio-8082-exec-8] [com.greengram.greengram4.security.JwtAuthenticationFilter] [36mJwtAuthentication-Token : null[0;39m
[2024-01-10 10:12:23 [32mINFO [0;39m http-nio-8082-exec-7] [com.greengram.greengram4.security.JwtAuthenticationFilter] [36mJwtAuthentication-Token : null[0;39m
[2024-01-10 10:12:23 [32mINFO [0;39m http-nio-8082-exec-9] [com.greengram.greengram4.security.JwtAuthenticationFilter] [36mJwtAuthentication-Token : null[0;39m
[2024-01-10 10:12:24 [32mINFO [0;39m http-nio-8082-exec-9] [org.springdoc.api.AbstractOpenApiResource] [36mInit duration for springdoc-openapi is: 189 ms[0;39m
[2024-01-10 10:12:38 [32mINFO [0;39m http-nio-8082-exec-10] [com.greengram.greengram4.security.JwtAuthenticationFilter] [36mJwtAuthentication-Token : null[0;39m
[2024-01-10 10:12:38 [32mINFO [0;39m http-nio-8082-exec-10] [com.zaxxer.hikari.HikariDataSource] [36mHikariPool-1 - Starting...[0;39m
[2024-01-10 10:12:38 [32mINFO [0;39m http-nio-8082-exec-10] [com.zaxxer.hikari.pool.HikariPool] [36mHikariPool-1 - Added connection org.mariadb.jdbc.Connection@72c2bb4f[0;39m
[2024-01-10 10:12:38 [32mINFO [0;39m http-nio-8082-exec-10] [com.zaxxer.hikari.HikariDataSource] [36mHikariPool-1 - Start completed.[0;39m
[2024-01-10 10:13:13 [32mINFO [0;39m http-nio-8082-exec-1] [com.greengram.greengram4.security.JwtAuthenticationFilter] [36mJwtAuthentication-Token : eyJhbGciOiJIUzI1NiJ9.eyJ1c2VyIjoie1wiaXVzZXJcIjowfSIsImlhdCI6MTcwNDg0OTE1OCwiZXhwIjoxNzA0ODU2MzU4fQ.whd7VKE2UDliO8YbU-KzyscctflE-D9HTbNOjakPuHM[0;39m
[2024-01-10 10:18:50 [33mWARN [0;39m HikariPool-1 housekeeper] [com.zaxxer.hikari.pool.HikariPool] [36mHikariPool-1 - Thread starvation or clock leap detected (housekeeper delta=5m41s908ms194µs).[0;39m
[2024-01-10 10:18:50 [32mINFO [0;39m http-nio-8082-exec-1] [com.greengram.greengram4.feed.FeedService] [36mdto : FeedInsDto(iuser=0, contents=뻑큐, location=집, pics=[aaa,jpg], ifeed=0)[0;39m
[2024-01-10 10:18:50 [33mWARN [0;39m http-nio-8082-exec-1] [org.mariadb.jdbc.message.server.ErrorPacket] [36mError: 1452-23000: Cannot add or update a child row: a foreign key constraint fails (`greengram3`.`t_feed`, CONSTRAINT `t_feed_ibfk_1` FOREIGN KEY (`iuser`) REFERENCES `t_user` (`iuser`))[0;39m
[2024-01-10 10:18:50 [32mINFO [0;39m SpringApplicationShutdownHook] [com.zaxxer.hikari.HikariDataSource] [36mHikariPool-1 - Shutdown initiated...[0;39m
[2024-01-10 10:18:50 [32mINFO [0;39m SpringApplicationShutdownHook] [com.zaxxer.hikari.HikariDataSource] [36mHikariPool-1 - Shutdown completed.[0;39m
[2024-01-10 10:18:53 [32mINFO [0;39m restartedMain] [com.greengram.greengram4.Greengram4Application] [36mStarting Greengram4Application using Java 17.0.8.1 with PID 1504 (D:\Students\hyun\java\greengram4\build\classes\java\main started by Administrator in D:\Students\hyun\java\greengram4)[0;39m
[2024-01-10 10:18:53 [32mINFO [0;39m restartedMain] [com.greengram.greengram4.Greengram4Application] [36mNo active profile set, falling back to 1 default profile: "default"[0;39m
[2024-01-10 10:18:53 [32mINFO [0;39m restartedMain] [org.springframework.boot.devtools.env.DevToolsPropertyDefaultsPostProcessor] [36mDevtools property defaults active! Set 'spring.devtools.add-properties' to 'false' to disable[0;39m
[2024-01-10 10:18:53 [32mINFO [0;39m restartedMain] [org.springframework.boot.devtools.env.DevToolsPropertyDefaultsPostProcessor] [36mFor additional web related logging consider setting the 'logging.level.web' property to 'DEBUG'[0;39m
[2024-01-10 10:18:54 [32mINFO [0;39m restartedMain] [org.springframework.boot.web.embedded.tomcat.TomcatWebServer] [36mTomcat initialized with port 8082 (http)[0;39m
[2024-01-10 10:18:54 [32mINFO [0;39m restartedMain] [org.apache.coyote.http11.Http11NioProtocol] [36mInitializing ProtocolHandler ["http-nio-8082"][0;39m
[2024-01-10 10:18:54 [32mINFO [0;39m restartedMain] [org.apache.catalina.core.StandardService] [36mStarting service [Tomcat][0;39m
[2024-01-10 10:18:54 [32mINFO [0;39m restartedMain] [org.apache.catalina.core.StandardEngine] [36mStarting Servlet engine: [Apache Tomcat/10.1.17][0;39m
[2024-01-10 10:18:54 [32mINFO [0;39m restartedMain] [org.apache.catalina.core.ContainerBase.[Tomcat].[localhost].[/]] [36mInitializing Spring embedded WebApplicationContext[0;39m
[2024-01-10 10:18:54 [32mINFO [0;39m restartedMain] [org.springframework.boot.web.servlet.context.ServletWebServerApplicationContext] [36mRoot WebApplicationContext: initialization completed in 991 ms[0;39m
[2024-01-10 10:18:54 [32mINFO [0;39m restartedMain] [com.greengram.greengram4.security.JwtTokenProvider] [36msecret : DaeguGreenArtAcademyClass502RoomForJavaSpringBootFighting[0;39m
[2024-01-10 10:18:54 [32mINFO [0;39m restartedMain] [com.greengram.greengram4.security.JwtTokenProvider] [36mkeyBytes : [13, -89, -96, -72, 106, -34, 122, 112, 43, -76, 7, 26, 117, -23, -78, 10, 86, -84, -77, -99, 54, 70, -118, 38, 22, -118, -55, 106, -10, -110, -90, -72, -89, -128, 26, 40, -76, 88, -96, -122, -40, -89][0;39m
[2024-01-10 10:18:54 [32mINFO [0;39m restartedMain] [com.greengram.greengram4.common.FirebaseConfiguration] [36mFirebaseApp Initialization Complete !!![0;39m
[2024-01-10 10:18:54 [33mWARN [0;39m restartedMain] [org.springframework.boot.autoconfigure.security.servlet.UserDetailsServiceAutoConfiguration] [36m

Using generated security password: b0dca792-8be0-4808-b64a-7b3640c4f7aa

This generated password is for development use only. Your security configuration must be updated before running your application in production.
[0;39m
[2024-01-10 10:18:54 [32mINFO [0;39m restartedMain] [org.springframework.boot.autoconfigure.web.servlet.WelcomePageHandlerMapping] [36mAdding welcome page: class path resource [static/index.html][0;39m
[2024-01-10 10:18:54 [32mINFO [0;39m restartedMain] [org.springframework.security.web.DefaultSecurityFilterChain] [36mWill secure any request with [org.springframework.security.web.session.DisableEncodeUrlFilter@33d7f99, org.springframework.security.web.context.request.async.WebAsyncManagerIntegrationFilter@61bc02a5, org.springframework.security.web.context.SecurityContextHolderFilter@59aafc47, org.springframework.security.web.header.HeaderWriterFilter@45305b10, org.springframework.web.filter.CorsFilter@1044f4f4, org.springframework.security.web.authentication.logout.LogoutFilter@70a1f688, com.greengram.greengram4.security.JwtAuthenticationFilter@10047da6, org.springframework.security.web.savedrequest.RequestCacheAwareFilter@7d3f66c0, org.springframework.security.web.servletapi.SecurityContextHolderAwareRequestFilter@7e5a109d, org.springframework.security.web.authentication.AnonymousAuthenticationFilter@4e49c737, org.springframework.security.web.session.SessionManagementFilter@443a591, org.springframework.security.web.access.ExceptionTranslationFilter@514a0357, org.springframework.security.web.access.intercept.AuthorizationFilter@6bd13645][0;39m
[2024-01-10 10:18:55 [32mINFO [0;39m restartedMain] [org.springframework.boot.devtools.autoconfigure.OptionalLiveReloadServer] [36mLiveReload server is running on port 35729[0;39m
[2024-01-10 10:18:55 [32mINFO [0;39m restartedMain] [org.apache.coyote.http11.Http11NioProtocol] [36mStarting ProtocolHandler ["http-nio-8082"][0;39m
[2024-01-10 10:18:55 [32mINFO [0;39m restartedMain] [org.springframework.boot.web.embedded.tomcat.TomcatWebServer] [36mTomcat started on port 8082 (http) with context path ''[0;39m
[2024-01-10 10:18:55 [32mINFO [0;39m restartedMain] [com.greengram.greengram4.Greengram4Application] [36mStarted Greengram4Application in 2.153 seconds (process running for 2.595)[0;39m
[2024-01-10 10:18:58 [32mINFO [0;39m http-nio-8082-exec-1] [org.apache.catalina.core.ContainerBase.[Tomcat].[localhost].[/]] [36mInitializing Spring DispatcherServlet 'dispatcherServlet'[0;39m
[2024-01-10 10:18:58 [32mINFO [0;39m http-nio-8082-exec-1] [org.springframework.web.servlet.DispatcherServlet] [36mInitializing Servlet 'dispatcherServlet'[0;39m
[2024-01-10 10:18:58 [32mINFO [0;39m http-nio-8082-exec-1] [org.springframework.web.servlet.DispatcherServlet] [36mCompleted initialization in 1 ms[0;39m
[2024-01-10 10:18:58 [32mINFO [0;39m http-nio-8082-exec-1] [com.greengram.greengram4.security.JwtAuthenticationFilter] [36mJwtAuthentication-Token : eyJhbGciOiJIUzI1NiJ9.eyJ1c2VyIjoie1wiaXVzZXJcIjowfSIsImlhdCI6MTcwNDg0OTE1OCwiZXhwIjoxNzA0ODU2MzU4fQ.whd7VKE2UDliO8YbU-KzyscctflE-D9HTbNOjakPuHM[0;39m
[2024-01-10 10:24:31 [32mINFO [0;39m http-nio-8082-exec-1] [com.greengram.greengram4.feed.FeedController] [36mdto : FeedInsDto(iuser=0, contents=뻑큐, location=집, pics=[aaa,jpg], ifeed=0)[0;39m
[2024-01-10 10:24:31 [32mINFO [0;39m http-nio-8082-exec-1] [com.greengram.greengram4.feed.FeedService] [36mdto : FeedInsDto(iuser=0, contents=뻑큐, location=집, pics=[aaa,jpg], ifeed=0)[0;39m
[2024-01-10 10:24:31 [32mINFO [0;39m http-nio-8082-exec-2] [com.greengram.greengram4.security.JwtAuthenticationFilter] [36mJwtAuthentication-Token : null[0;39m
[2024-01-10 10:24:32 [32mINFO [0;39m http-nio-8082-exec-1] [com.zaxxer.hikari.HikariDataSource] [36mHikariPool-1 - Starting...[0;39m
[2024-01-10 10:24:32 [32mINFO [0;39m http-nio-8082-exec-1] [com.zaxxer.hikari.pool.HikariPool] [36mHikariPool-1 - Added connection org.mariadb.jdbc.Connection@246802a7[0;39m
[2024-01-10 10:24:32 [32mINFO [0;39m http-nio-8082-exec-1] [com.zaxxer.hikari.HikariDataSource] [36mHikariPool-1 - Start completed.[0;39m
[2024-01-10 10:24:32 [33mWARN [0;39m http-nio-8082-exec-1] [org.mariadb.jdbc.message.server.ErrorPacket] [36mError: 1452-23000: Cannot add or update a child row: a foreign key constraint fails (`greengram3`.`t_feed`, CONSTRAINT `t_feed_ibfk_1` FOREIGN KEY (`iuser`) REFERENCES `t_user` (`iuser`))[0;39m
[2024-01-10 10:24:32 [32mINFO [0;39m SpringApplicationShutdownHook] [com.zaxxer.hikari.HikariDataSource] [36mHikariPool-1 - Shutdown initiated...[0;39m
[2024-01-10 10:24:32 [32mINFO [0;39m SpringApplicationShutdownHook] [com.zaxxer.hikari.HikariDataSource] [36mHikariPool-1 - Shutdown completed.[0;39m
[2024-01-10 10:24:34 [32mINFO [0;39m restartedMain] [com.greengram.greengram4.Greengram4Application] [36mStarting Greengram4Application using Java 17.0.8.1 with PID 6004 (D:\Students\hyun\java\greengram4\build\classes\java\main started by Administrator in D:\Students\hyun\java\greengram4)[0;39m
[2024-01-10 10:24:34 [32mINFO [0;39m restartedMain] [com.greengram.greengram4.Greengram4Application] [36mNo active profile set, falling back to 1 default profile: "default"[0;39m
[2024-01-10 10:24:34 [32mINFO [0;39m restartedMain] [org.springframework.boot.devtools.env.DevToolsPropertyDefaultsPostProcessor] [36mDevtools property defaults active! Set 'spring.devtools.add-properties' to 'false' to disable[0;39m
[2024-01-10 10:24:34 [32mINFO [0;39m restartedMain] [org.springframework.boot.devtools.env.DevToolsPropertyDefaultsPostProcessor] [36mFor additional web related logging consider setting the 'logging.level.web' property to 'DEBUG'[0;39m
[2024-01-10 10:24:35 [32mINFO [0;39m restartedMain] [org.springframework.boot.web.embedded.tomcat.TomcatWebServer] [36mTomcat initialized with port 8082 (http)[0;39m
[2024-01-10 10:24:35 [32mINFO [0;39m restartedMain] [org.apache.coyote.http11.Http11NioProtocol] [36mInitializing ProtocolHandler ["http-nio-8082"][0;39m
[2024-01-10 10:24:35 [32mINFO [0;39m restartedMain] [org.apache.catalina.core.StandardService] [36mStarting service [Tomcat][0;39m
[2024-01-10 10:24:35 [32mINFO [0;39m restartedMain] [org.apache.catalina.core.StandardEngine] [36mStarting Servlet engine: [Apache Tomcat/10.1.17][0;39m
[2024-01-10 10:24:35 [32mINFO [0;39m restartedMain] [org.apache.catalina.core.ContainerBase.[Tomcat].[localhost].[/]] [36mInitializing Spring embedded WebApplicationContext[0;39m
[2024-01-10 10:24:35 [32mINFO [0;39m restartedMain] [org.springframework.boot.web.servlet.context.ServletWebServerApplicationContext] [36mRoot WebApplicationContext: initialization completed in 1015 ms[0;39m
[2024-01-10 10:24:35 [32mINFO [0;39m restartedMain] [com.greengram.greengram4.security.JwtTokenProvider] [36msecret : DaeguGreenArtAcademyClass502RoomForJavaSpringBootFighting[0;39m
[2024-01-10 10:24:35 [32mINFO [0;39m restartedMain] [com.greengram.greengram4.security.JwtTokenProvider] [36mkeyBytes : [13, -89, -96, -72, 106, -34, 122, 112, 43, -76, 7, 26, 117, -23, -78, 10, 86, -84, -77, -99, 54, 70, -118, 38, 22, -118, -55, 106, -10, -110, -90, -72, -89, -128, 26, 40, -76, 88, -96, -122, -40, -89][0;39m
[2024-01-10 10:24:35 [32mINFO [0;39m restartedMain] [com.greengram.greengram4.common.FirebaseConfiguration] [36mFirebaseApp Initialization Complete !!![0;39m
[2024-01-10 10:24:35 [33mWARN [0;39m restartedMain] [org.springframework.boot.autoconfigure.security.servlet.UserDetailsServiceAutoConfiguration] [36m

Using generated security password: ae3ae69f-5f0c-4cfc-865c-16ba0790c7ff

This generated password is for development use only. Your security configuration must be updated before running your application in production.
[0;39m
[2024-01-10 10:24:35 [32mINFO [0;39m restartedMain] [org.springframework.boot.autoconfigure.web.servlet.WelcomePageHandlerMapping] [36mAdding welcome page: class path resource [static/index.html][0;39m
[2024-01-10 10:24:35 [32mINFO [0;39m restartedMain] [org.springframework.security.web.DefaultSecurityFilterChain] [36mWill secure any request with [org.springframework.security.web.session.DisableEncodeUrlFilter@4c63bb, org.springframework.security.web.context.request.async.WebAsyncManagerIntegrationFilter@69773ba6, org.springframework.security.web.context.SecurityContextHolderFilter@4427852e, org.springframework.security.web.header.HeaderWriterFilter@27521f9a, org.springframework.web.filter.CorsFilter@26fa7c87, org.springframework.security.web.authentication.logout.LogoutFilter@6a2d2729, com.greengram.greengram4.security.JwtAuthenticationFilter@1d0cab00, org.springframework.security.web.savedrequest.RequestCacheAwareFilter@57a79f2, org.springframework.security.web.servletapi.SecurityContextHolderAwareRequestFilter@2e256599, org.springframework.security.web.authentication.AnonymousAuthenticationFilter@7c5ee7db, org.springframework.security.web.session.SessionManagementFilter@b63b509, org.springframework.security.web.access.ExceptionTranslationFilter@232972cd, org.springframework.security.web.access.intercept.AuthorizationFilter@5e86ea8e][0;39m
[2024-01-10 10:24:35 [32mINFO [0;39m restartedMain] [org.springframework.boot.devtools.autoconfigure.OptionalLiveReloadServer] [36mLiveReload server is running on port 35729[0;39m
[2024-01-10 10:24:36 [32mINFO [0;39m restartedMain] [org.apache.coyote.http11.Http11NioProtocol] [36mStarting ProtocolHandler ["http-nio-8082"][0;39m
[2024-01-10 10:24:36 [32mINFO [0;39m restartedMain] [org.springframework.boot.web.embedded.tomcat.TomcatWebServer] [36mTomcat started on port 8082 (http) with context path ''[0;39m
[2024-01-10 10:24:36 [32mINFO [0;39m restartedMain] [com.greengram.greengram4.Greengram4Application] [36mStarted Greengram4Application in 2.188 seconds (process running for 2.642)[0;39m
[2024-01-10 10:24:36 [32mINFO [0;39m http-nio-8082-exec-1] [org.apache.catalina.core.ContainerBase.[Tomcat].[localhost].[/]] [36mInitializing Spring DispatcherServlet 'dispatcherServlet'[0;39m
[2024-01-10 10:24:36 [32mINFO [0;39m http-nio-8082-exec-1] [org.springframework.web.servlet.DispatcherServlet] [36mInitializing Servlet 'dispatcherServlet'[0;39m
[2024-01-10 10:24:36 [32mINFO [0;39m http-nio-8082-exec-1] [org.springframework.web.servlet.DispatcherServlet] [36mCompleted initialization in 1 ms[0;39m
[2024-01-10 10:24:36 [32mINFO [0;39m http-nio-8082-exec-1] [com.greengram.greengram4.security.JwtAuthenticationFilter] [36mJwtAuthentication-Token : null[0;39m
[2024-01-10 10:24:37 [32mINFO [0;39m http-nio-8082-exec-2] [com.greengram.greengram4.security.JwtAuthenticationFilter] [36mJwtAuthentication-Token : null[0;39m
[2024-01-10 10:24:37 [32mINFO [0;39m http-nio-8082-exec-3] [com.greengram.greengram4.security.JwtAuthenticationFilter] [36mJwtAuthentication-Token : null[0;39m
[2024-01-10 10:24:37 [32mINFO [0;39m http-nio-8082-exec-4] [com.greengram.greengram4.security.JwtAuthenticationFilter] [36mJwtAuthentication-Token : null[0;39m
[2024-01-10 10:24:37 [32mINFO [0;39m http-nio-8082-exec-5] [com.greengram.greengram4.security.JwtAuthenticationFilter] [36mJwtAuthentication-Token : null[0;39m
[2024-01-10 10:24:37 [32mINFO [0;39m http-nio-8082-exec-7] [com.greengram.greengram4.security.JwtAuthenticationFilter] [36mJwtAuthentication-Token : null[0;39m
[2024-01-10 10:24:37 [32mINFO [0;39m http-nio-8082-exec-6] [com.greengram.greengram4.security.JwtAuthenticationFilter] [36mJwtAuthentication-Token : null[0;39m
[2024-01-10 10:24:37 [32mINFO [0;39m http-nio-8082-exec-8] [com.greengram.greengram4.security.JwtAuthenticationFilter] [36mJwtAuthentication-Token : null[0;39m
[2024-01-10 10:24:37 [32mINFO [0;39m http-nio-8082-exec-9] [com.greengram.greengram4.security.JwtAuthenticationFilter] [36mJwtAuthentication-Token : null[0;39m
[2024-01-10 10:24:37 [32mINFO [0;39m http-nio-8082-exec-10] [com.greengram.greengram4.security.JwtAuthenticationFilter] [36mJwtAuthentication-Token : null[0;39m
[2024-01-10 10:24:38 [32mINFO [0;39m http-nio-8082-exec-10] [org.springdoc.api.AbstractOpenApiResource] [36mInit duration for springdoc-openapi is: 190 ms[0;39m
[2024-01-10 10:24:50 [32mINFO [0;39m http-nio-8082-exec-1] [com.greengram.greengram4.security.JwtAuthenticationFilter] [36mJwtAuthentication-Token : null[0;39m
[2024-01-10 10:24:51 [32mINFO [0;39m http-nio-8082-exec-1] [com.zaxxer.hikari.HikariDataSource] [36mHikariPool-1 - Starting...[0;39m
[2024-01-10 10:24:51 [32mINFO [0;39m http-nio-8082-exec-1] [com.zaxxer.hikari.pool.HikariPool] [36mHikariPool-1 - Added connection org.mariadb.jdbc.Connection@32fab88e[0;39m
[2024-01-10 10:24:51 [32mINFO [0;39m http-nio-8082-exec-1] [com.zaxxer.hikari.HikariDataSource] [36mHikariPool-1 - Start completed.[0;39m
[2024-01-10 10:25:05 [32mINFO [0;39m http-nio-8082-exec-2] [com.greengram.greengram4.security.JwtAuthenticationFilter] [36mJwtAuthentication-Token : eyJhbGciOiJIUzI1NiJ9.eyJ1c2VyIjoie1wiaXVzZXJcIjowfSIsImlhdCI6MTcwNDg0OTg5MSwiZXhwIjoxNzA0ODU3MDkxfQ.fbW8gQyoUMP_sDqM8rjj8WSMHxhw2tJ40BFO_gC0OIE[0;39m
[2024-01-10 10:32:18 [33mWARN [0;39m HikariPool-1 housekeeper] [com.zaxxer.hikari.pool.HikariPool] [36mHikariPool-1 - Thread starvation or clock leap detected (housekeeper delta=7m26s842ms967µs600ns).[0;39m
[2024-01-10 10:32:18 [32mINFO [0;39m http-nio-8082-exec-2] [com.greengram.greengram4.feed.FeedController] [36mdto : FeedInsDto(iuser=0, contents=string, location=string, pics=[string], ifeed=0)[0;39m
[2024-01-10 10:32:18 [32mINFO [0;39m http-nio-8082-exec-2] [com.greengram.greengram4.feed.FeedService] [36mdto : FeedInsDto(iuser=0, contents=string, location=string, pics=[string], ifeed=0)[0;39m
[2024-01-10 10:32:18 [33mWARN [0;39m http-nio-8082-exec-2] [org.mariadb.jdbc.message.server.ErrorPacket] [36mError: 1452-23000: Cannot add or update a child row: a foreign key constraint fails (`greengram3`.`t_feed`, CONSTRAINT `t_feed_ibfk_1` FOREIGN KEY (`iuser`) REFERENCES `t_user` (`iuser`))[0;39m
[2024-01-10 10:32:18 [32mINFO [0;39m SpringApplicationShutdownHook] [com.zaxxer.hikari.HikariDataSource] [36mHikariPool-1 - Shutdown initiated...[0;39m
[2024-01-10 10:32:18 [32mINFO [0;39m SpringApplicationShutdownHook] [com.zaxxer.hikari.HikariDataSource] [36mHikariPool-1 - Shutdown completed.[0;39m
[2024-01-10 10:32:20 [32mINFO [0;39m restartedMain] [com.greengram.greengram4.Greengram4Application] [36mStarting Greengram4Application using Java 17.0.8.1 with PID 3296 (D:\Students\hyun\java\greengram4\build\classes\java\main started by Administrator in D:\Students\hyun\java\greengram4)[0;39m
[2024-01-10 10:32:20 [32mINFO [0;39m restartedMain] [com.greengram.greengram4.Greengram4Application] [36mNo active profile set, falling back to 1 default profile: "default"[0;39m
[2024-01-10 10:32:20 [32mINFO [0;39m restartedMain] [org.springframework.boot.devtools.env.DevToolsPropertyDefaultsPostProcessor] [36mDevtools property defaults active! Set 'spring.devtools.add-properties' to 'false' to disable[0;39m
[2024-01-10 10:32:20 [32mINFO [0;39m restartedMain] [org.springframework.boot.devtools.env.DevToolsPropertyDefaultsPostProcessor] [36mFor additional web related logging consider setting the 'logging.level.web' property to 'DEBUG'[0;39m
[2024-01-10 10:32:21 [32mINFO [0;39m restartedMain] [org.springframework.boot.web.embedded.tomcat.TomcatWebServer] [36mTomcat initialized with port 8082 (http)[0;39m
[2024-01-10 10:32:21 [32mINFO [0;39m restartedMain] [org.apache.coyote.http11.Http11NioProtocol] [36mInitializing ProtocolHandler ["http-nio-8082"][0;39m
[2024-01-10 10:32:21 [32mINFO [0;39m restartedMain] [org.apache.catalina.core.StandardService] [36mStarting service [Tomcat][0;39m
[2024-01-10 10:32:21 [32mINFO [0;39m restartedMain] [org.apache.catalina.core.StandardEngine] [36mStarting Servlet engine: [Apache Tomcat/10.1.17][0;39m
[2024-01-10 10:32:21 [32mINFO [0;39m restartedMain] [org.apache.catalina.core.ContainerBase.[Tomcat].[localhost].[/]] [36mInitializing Spring embedded WebApplicationContext[0;39m
[2024-01-10 10:32:21 [32mINFO [0;39m restartedMain] [org.springframework.boot.web.servlet.context.ServletWebServerApplicationContext] [36mRoot WebApplicationContext: initialization completed in 1012 ms[0;39m
[2024-01-10 10:32:21 [32mINFO [0;39m restartedMain] [com.greengram.greengram4.security.JwtTokenProvider] [36msecret : DaeguGreenArtAcademyClass502RoomForJavaSpringBootFighting[0;39m
[2024-01-10 10:32:21 [32mINFO [0;39m restartedMain] [com.greengram.greengram4.security.JwtTokenProvider] [36mkeyBytes : [13, -89, -96, -72, 106, -34, 122, 112, 43, -76, 7, 26, 117, -23, -78, 10, 86, -84, -77, -99, 54, 70, -118, 38, 22, -118, -55, 106, -10, -110, -90, -72, -89, -128, 26, 40, -76, 88, -96, -122, -40, -89][0;39m
[2024-01-10 10:32:21 [32mINFO [0;39m restartedMain] [com.greengram.greengram4.common.FirebaseConfiguration] [36mFirebaseApp Initialization Complete !!![0;39m
[2024-01-10 10:32:21 [33mWARN [0;39m restartedMain] [org.springframework.boot.autoconfigure.security.servlet.UserDetailsServiceAutoConfiguration] [36m

Using generated security password: 293ed466-55bd-4981-8bfe-ebda7a1d0b16

This generated password is for development use only. Your security configuration must be updated before running your application in production.
[0;39m
[2024-01-10 10:32:21 [32mINFO [0;39m restartedMain] [org.springframework.boot.autoconfigure.web.servlet.WelcomePageHandlerMapping] [36mAdding welcome page: class path resource [static/index.html][0;39m
[2024-01-10 10:32:21 [32mINFO [0;39m restartedMain] [org.springframework.security.web.DefaultSecurityFilterChain] [36mWill secure any request with [org.springframework.security.web.session.DisableEncodeUrlFilter@4ab4f7f2, org.springframework.security.web.context.request.async.WebAsyncManagerIntegrationFilter@7f73d7a7, org.springframework.security.web.context.SecurityContextHolderFilter@ec94d7d, org.springframework.security.web.header.HeaderWriterFilter@107b6d31, org.springframework.web.filter.CorsFilter@536a65dc, org.springframework.security.web.authentication.logout.LogoutFilter@713da13, com.greengram.greengram4.security.JwtAuthenticationFilter@754bb891, org.springframework.security.web.savedrequest.RequestCacheAwareFilter@570d8f36, org.springframework.security.web.servletapi.SecurityContextHolderAwareRequestFilter@27521f9a, org.springframework.security.web.authentication.AnonymousAuthenticationFilter@524faaff, org.springframework.security.web.session.SessionManagementFilter@24d1239a, org.springframework.security.web.access.ExceptionTranslationFilter@1cea260b, org.springframework.security.web.access.intercept.AuthorizationFilter@51ac8bc8][0;39m
[2024-01-10 10:32:21 [32mINFO [0;39m restartedMain] [org.springframework.boot.devtools.autoconfigure.OptionalLiveReloadServer] [36mLiveReload server is running on port 35729[0;39m
[2024-01-10 10:32:21 [32mINFO [0;39m restartedMain] [org.apache.coyote.http11.Http11NioProtocol] [36mStarting ProtocolHandler ["http-nio-8082"][0;39m
[2024-01-10 10:32:21 [32mINFO [0;39m restartedMain] [org.springframework.boot.web.embedded.tomcat.TomcatWebServer] [36mTomcat started on port 8082 (http) with context path ''[0;39m
[2024-01-10 10:32:21 [32mINFO [0;39m restartedMain] [com.greengram.greengram4.Greengram4Application] [36mStarted Greengram4Application in 2.2 seconds (process running for 2.66)[0;39m
[2024-01-10 10:32:30 [32mINFO [0;39m http-nio-8082-exec-1] [org.apache.catalina.core.ContainerBase.[Tomcat].[localhost].[/]] [36mInitializing Spring DispatcherServlet 'dispatcherServlet'[0;39m
[2024-01-10 10:32:30 [32mINFO [0;39m http-nio-8082-exec-1] [org.springframework.web.servlet.DispatcherServlet] [36mInitializing Servlet 'dispatcherServlet'[0;39m
[2024-01-10 10:32:30 [32mINFO [0;39m http-nio-8082-exec-1] [org.springframework.web.servlet.DispatcherServlet] [36mCompleted initialization in 1 ms[0;39m
[2024-01-10 10:32:30 [32mINFO [0;39m http-nio-8082-exec-1] [com.greengram.greengram4.security.JwtAuthenticationFilter] [36mJwtAuthentication-Token : null[0;39m
[2024-01-10 10:32:30 [32mINFO [0;39m http-nio-8082-exec-3] [com.greengram.greengram4.security.JwtAuthenticationFilter] [36mJwtAuthentication-Token : null[0;39m
[2024-01-10 10:32:30 [32mINFO [0;39m http-nio-8082-exec-2] [com.greengram.greengram4.security.JwtAuthenticationFilter] [36mJwtAuthentication-Token : null[0;39m
[2024-01-10 10:32:30 [32mINFO [0;39m http-nio-8082-exec-6] [com.greengram.greengram4.security.JwtAuthenticationFilter] [36mJwtAuthentication-Token : null[0;39m
[2024-01-10 10:32:30 [32mINFO [0;39m http-nio-8082-exec-5] [com.greengram.greengram4.security.JwtAuthenticationFilter] [36mJwtAuthentication-Token : null[0;39m
[2024-01-10 10:32:30 [32mINFO [0;39m http-nio-8082-exec-4] [com.greengram.greengram4.security.JwtAuthenticationFilter] [36mJwtAuthentication-Token : null[0;39m
[2024-01-10 10:32:30 [32mINFO [0;39m http-nio-8082-exec-9] [com.greengram.greengram4.security.JwtAuthenticationFilter] [36mJwtAuthentication-Token : null[0;39m
[2024-01-10 10:32:30 [32mINFO [0;39m http-nio-8082-exec-7] [com.greengram.greengram4.security.JwtAuthenticationFilter] [36mJwtAuthentication-Token : null[0;39m
[2024-01-10 10:32:30 [32mINFO [0;39m http-nio-8082-exec-8] [com.greengram.greengram4.security.JwtAuthenticationFilter] [36mJwtAuthentication-Token : null[0;39m
[2024-01-10 10:32:31 [32mINFO [0;39m http-nio-8082-exec-8] [org.springdoc.api.AbstractOpenApiResource] [36mInit duration for springdoc-openapi is: 191 ms[0;39m
[2024-01-10 10:32:45 [32mINFO [0;39m http-nio-8082-exec-10] [com.greengram.greengram4.security.JwtAuthenticationFilter] [36mJwtAuthentication-Token : null[0;39m
[2024-01-10 10:35:09 [32mINFO [0;39m http-nio-8082-exec-10] [com.zaxxer.hikari.HikariDataSource] [36mHikariPool-1 - Starting...[0;39m
[2024-01-10 10:35:10 [32mINFO [0;39m http-nio-8082-exec-10] [com.zaxxer.hikari.pool.HikariPool] [36mHikariPool-1 - Added connection org.mariadb.jdbc.Connection@3b225cf1[0;39m
[2024-01-10 10:35:10 [32mINFO [0;39m http-nio-8082-exec-10] [com.zaxxer.hikari.HikariDataSource] [36mHikariPool-1 - Start completed.[0;39m
[2024-01-10 10:51:21 [33mWARN [0;39m HikariPool-1 housekeeper] [com.zaxxer.hikari.pool.HikariPool] [36mHikariPool-1 - Thread starvation or clock leap detected (housekeeper delta=16m41s529ms408µs200ns).[0;39m
[2024-01-10 10:53:29 [33mWARN [0;39m HikariPool-1 housekeeper] [com.zaxxer.hikari.pool.HikariPool] [36mHikariPool-1 - Thread starvation or clock leap detected (housekeeper delta=2m7s823ms129µs800ns).[0;39m
[2024-01-10 10:53:29 [32mINFO [0;39m SpringApplicationShutdownHook] [com.zaxxer.hikari.HikariDataSource] [36mHikariPool-1 - Shutdown initiated...[0;39m
[2024-01-10 10:53:29 [32mINFO [0;39m SpringApplicationShutdownHook] [com.zaxxer.hikari.HikariDataSource] [36mHikariPool-1 - Shutdown completed.[0;39m
[2024-01-10 10:53:32 [32mINFO [0;39m restartedMain] [com.greengram.greengram4.Greengram4Application] [36mStarting Greengram4Application using Java 17.0.8.1 with PID 5416 (D:\Students\hyun\java\greengram4\build\classes\java\main started by Administrator in D:\Students\hyun\java\greengram4)[0;39m
[2024-01-10 10:53:32 [32mINFO [0;39m restartedMain] [com.greengram.greengram4.Greengram4Application] [36mNo active profile set, falling back to 1 default profile: "default"[0;39m
[2024-01-10 10:53:32 [32mINFO [0;39m restartedMain] [org.springframework.boot.devtools.env.DevToolsPropertyDefaultsPostProcessor] [36mDevtools property defaults active! Set 'spring.devtools.add-properties' to 'false' to disable[0;39m
[2024-01-10 10:53:32 [32mINFO [0;39m restartedMain] [org.springframework.boot.devtools.env.DevToolsPropertyDefaultsPostProcessor] [36mFor additional web related logging consider setting the 'logging.level.web' property to 'DEBUG'[0;39m
[2024-01-10 10:53:33 [32mINFO [0;39m restartedMain] [org.springframework.boot.web.embedded.tomcat.TomcatWebServer] [36mTomcat initialized with port 8082 (http)[0;39m
[2024-01-10 10:53:33 [32mINFO [0;39m restartedMain] [org.apache.coyote.http11.Http11NioProtocol] [36mInitializing ProtocolHandler ["http-nio-8082"][0;39m
[2024-01-10 10:53:33 [32mINFO [0;39m restartedMain] [org.apache.catalina.core.StandardService] [36mStarting service [Tomcat][0;39m
[2024-01-10 10:53:33 [32mINFO [0;39m restartedMain] [org.apache.catalina.core.StandardEngine] [36mStarting Servlet engine: [Apache Tomcat/10.1.17][0;39m
[2024-01-10 10:53:33 [32mINFO [0;39m restartedMain] [org.apache.catalina.core.ContainerBase.[Tomcat].[localhost].[/]] [36mInitializing Spring embedded WebApplicationContext[0;39m
[2024-01-10 10:53:33 [32mINFO [0;39m restartedMain] [org.springframework.boot.web.servlet.context.ServletWebServerApplicationContext] [36mRoot WebApplicationContext: initialization completed in 979 ms[0;39m
[2024-01-10 10:53:33 [32mINFO [0;39m restartedMain] [com.greengram.greengram4.security.JwtTokenProvider] [36msecret : DaeguGreenArtAcademyClass502RoomForJavaSpringBootFighting[0;39m
[2024-01-10 10:53:33 [32mINFO [0;39m restartedMain] [com.greengram.greengram4.security.JwtTokenProvider] [36mkeyBytes : [13, -89, -96, -72, 106, -34, 122, 112, 43, -76, 7, 26, 117, -23, -78, 10, 86, -84, -77, -99, 54, 70, -118, 38, 22, -118, -55, 106, -10, -110, -90, -72, -89, -128, 26, 40, -76, 88, -96, -122, -40, -89][0;39m
[2024-01-10 10:53:33 [32mINFO [0;39m restartedMain] [com.greengram.greengram4.common.FirebaseConfiguration] [36mFirebaseApp Initialization Complete !!![0;39m
[2024-01-10 10:53:33 [33mWARN [0;39m restartedMain] [org.springframework.boot.autoconfigure.security.servlet.UserDetailsServiceAutoConfiguration] [36m

Using generated security password: f3f0f636-1ab3-435c-97cb-dadfe2e9938a

This generated password is for development use only. Your security configuration must be updated before running your application in production.
[0;39m
[2024-01-10 10:53:33 [32mINFO [0;39m restartedMain] [org.springframework.boot.autoconfigure.web.servlet.WelcomePageHandlerMapping] [36mAdding welcome page: class path resource [static/index.html][0;39m
[2024-01-10 10:53:33 [32mINFO [0;39m restartedMain] [org.springframework.security.web.DefaultSecurityFilterChain] [36mWill secure any request with [org.springframework.security.web.session.DisableEncodeUrlFilter@441b4eb9, org.springframework.security.web.context.request.async.WebAsyncManagerIntegrationFilter@439791d4, org.springframework.security.web.context.SecurityContextHolderFilter@1ac4e0a, org.springframework.security.web.header.HeaderWriterFilter@58dcc739, org.springframework.web.filter.CorsFilter@29ee7d13, org.springframework.security.web.authentication.logout.LogoutFilter@184bef79, com.greengram.greengram4.security.JwtAuthenticationFilter@79dc9ae1, org.springframework.security.web.savedrequest.RequestCacheAwareFilter@24693647, org.springframework.security.web.servletapi.SecurityContextHolderAwareRequestFilter@1a3de3a0, org.springframework.security.web.authentication.AnonymousAuthenticationFilter@25faad2, org.springframework.security.web.session.SessionManagementFilter@61336647, org.springframework.security.web.access.ExceptionTranslationFilter@5ca79264, org.springframework.security.web.access.intercept.AuthorizationFilter@556a4c32][0;39m
[2024-01-10 10:53:33 [32mINFO [0;39m restartedMain] [org.springframework.boot.devtools.autoconfigure.OptionalLiveReloadServer] [36mLiveReload server is running on port 35729[0;39m
[2024-01-10 10:53:33 [32mINFO [0;39m restartedMain] [org.apache.coyote.http11.Http11NioProtocol] [36mStarting ProtocolHandler ["http-nio-8082"][0;39m
[2024-01-10 10:53:34 [32mINFO [0;39m restartedMain] [org.springframework.boot.web.embedded.tomcat.TomcatWebServer] [36mTomcat started on port 8082 (http) with context path ''[0;39m
[2024-01-10 10:53:34 [32mINFO [0;39m restartedMain] [com.greengram.greengram4.Greengram4Application] [36mStarted Greengram4Application in 2.112 seconds (process running for 2.556)[0;39m
[2024-01-10 10:53:41 [32mINFO [0;39m http-nio-8082-exec-1] [org.apache.catalina.core.ContainerBase.[Tomcat].[localhost].[/]] [36mInitializing Spring DispatcherServlet 'dispatcherServlet'[0;39m
[2024-01-10 10:53:41 [32mINFO [0;39m http-nio-8082-exec-1] [org.springframework.web.servlet.DispatcherServlet] [36mInitializing Servlet 'dispatcherServlet'[0;39m
[2024-01-10 10:53:41 [32mINFO [0;39m http-nio-8082-exec-1] [org.springframework.web.servlet.DispatcherServlet] [36mCompleted initialization in 1 ms[0;39m
[2024-01-10 10:53:41 [32mINFO [0;39m http-nio-8082-exec-1] [com.greengram.greengram4.security.JwtAuthenticationFilter] [36mJwtAuthentication-Token : null[0;39m
[2024-01-10 10:53:43 [32mINFO [0;39m http-nio-8082-exec-1] [com.zaxxer.hikari.HikariDataSource] [36mHikariPool-1 - Starting...[0;39m
[2024-01-10 10:53:44 [32mINFO [0;39m http-nio-8082-exec-1] [com.zaxxer.hikari.pool.HikariPool] [36mHikariPool-1 - Added connection org.mariadb.jdbc.Connection@1f84f00f[0;39m
[2024-01-10 10:53:44 [32mINFO [0;39m http-nio-8082-exec-1] [com.zaxxer.hikari.HikariDataSource] [36mHikariPool-1 - Start completed.[0;39m
[2024-01-10 10:54:26 [32mINFO [0;39m SpringApplicationShutdownHook] [com.zaxxer.hikari.HikariDataSource] [36mHikariPool-1 - Shutdown initiated...[0;39m
[2024-01-10 10:54:26 [32mINFO [0;39m SpringApplicationShutdownHook] [com.zaxxer.hikari.HikariDataSource] [36mHikariPool-1 - Shutdown completed.[0;39m
[2024-01-10 10:54:28 [32mINFO [0;39m restartedMain] [com.greengram.greengram4.Greengram4Application] [36mStarting Greengram4Application using Java 17.0.8.1 with PID 5476 (D:\Students\hyun\java\greengram4\build\classes\java\main started by Administrator in D:\Students\hyun\java\greengram4)[0;39m
[2024-01-10 10:54:28 [32mINFO [0;39m restartedMain] [com.greengram.greengram4.Greengram4Application] [36mNo active profile set, falling back to 1 default profile: "default"[0;39m
[2024-01-10 10:54:28 [32mINFO [0;39m restartedMain] [org.springframework.boot.devtools.env.DevToolsPropertyDefaultsPostProcessor] [36mDevtools property defaults active! Set 'spring.devtools.add-properties' to 'false' to disable[0;39m
[2024-01-10 10:54:28 [32mINFO [0;39m restartedMain] [org.springframework.boot.devtools.env.DevToolsPropertyDefaultsPostProcessor] [36mFor additional web related logging consider setting the 'logging.level.web' property to 'DEBUG'[0;39m
[2024-01-10 10:54:29 [32mINFO [0;39m restartedMain] [org.springframework.boot.web.embedded.tomcat.TomcatWebServer] [36mTomcat initialized with port 8082 (http)[0;39m
[2024-01-10 10:54:29 [32mINFO [0;39m restartedMain] [org.apache.coyote.http11.Http11NioProtocol] [36mInitializing ProtocolHandler ["http-nio-8082"][0;39m
[2024-01-10 10:54:29 [32mINFO [0;39m restartedMain] [org.apache.catalina.core.StandardService] [36mStarting service [Tomcat][0;39m
[2024-01-10 10:54:29 [32mINFO [0;39m restartedMain] [org.apache.catalina.core.StandardEngine] [36mStarting Servlet engine: [Apache Tomcat/10.1.17][0;39m
[2024-01-10 10:54:29 [32mINFO [0;39m restartedMain] [org.apache.catalina.core.ContainerBase.[Tomcat].[localhost].[/]] [36mInitializing Spring embedded WebApplicationContext[0;39m
[2024-01-10 10:54:29 [32mINFO [0;39m restartedMain] [org.springframework.boot.web.servlet.context.ServletWebServerApplicationContext] [36mRoot WebApplicationContext: initialization completed in 911 ms[0;39m
[2024-01-10 10:54:29 [32mINFO [0;39m restartedMain] [com.greengram.greengram4.security.JwtTokenProvider] [36msecret : DaeguGreenArtAcademyClass502RoomForJavaSpringBootFighting[0;39m
[2024-01-10 10:54:29 [32mINFO [0;39m restartedMain] [com.greengram.greengram4.security.JwtTokenProvider] [36mkeyBytes : [13, -89, -96, -72, 106, -34, 122, 112, 43, -76, 7, 26, 117, -23, -78, 10, 86, -84, -77, -99, 54, 70, -118, 38, 22, -118, -55, 106, -10, -110, -90, -72, -89, -128, 26, 40, -76, 88, -96, -122, -40, -89][0;39m
[2024-01-10 10:54:29 [32mINFO [0;39m restartedMain] [com.greengram.greengram4.common.FirebaseConfiguration] [36mFirebaseApp Initialization Complete !!![0;39m
[2024-01-10 10:54:29 [33mWARN [0;39m restartedMain] [org.springframework.boot.autoconfigure.security.servlet.UserDetailsServiceAutoConfiguration] [36m

Using generated security password: 3f5f66fe-81b5-4ae1-9b32-54a35de598a6

This generated password is for development use only. Your security configuration must be updated before running your application in production.
[0;39m
[2024-01-10 10:54:29 [32mINFO [0;39m restartedMain] [org.springframework.boot.autoconfigure.web.servlet.WelcomePageHandlerMapping] [36mAdding welcome page: class path resource [static/index.html][0;39m
[2024-01-10 10:54:29 [32mINFO [0;39m restartedMain] [org.springframework.security.web.DefaultSecurityFilterChain] [36mWill secure any request with [org.springframework.security.web.session.DisableEncodeUrlFilter@7c71affa, org.springframework.security.web.context.request.async.WebAsyncManagerIntegrationFilter@6c11554b, org.springframework.security.web.context.SecurityContextHolderFilter@1c97406a, org.springframework.security.web.header.HeaderWriterFilter@44aeaece, org.springframework.web.filter.CorsFilter@41d6dc36, org.springframework.security.web.authentication.logout.LogoutFilter@78384850, com.greengram.greengram4.security.JwtAuthenticationFilter@17eb6551, org.springframework.security.web.savedrequest.RequestCacheAwareFilter@9bbcadb, org.springframework.security.web.servletapi.SecurityContextHolderAwareRequestFilter@500a6b1d, org.springframework.security.web.authentication.AnonymousAuthenticationFilter@18707ec0, org.springframework.security.web.session.SessionManagementFilter@35d00f9e, org.springframework.security.web.access.ExceptionTranslationFilter@111cc452, org.springframework.security.web.access.intercept.AuthorizationFilter@7add55ba][0;39m
[2024-01-10 10:54:29 [32mINFO [0;39m restartedMain] [org.springframework.boot.devtools.autoconfigure.OptionalLiveReloadServer] [36mLiveReload server is running on port 35729[0;39m
[2024-01-10 10:54:29 [32mINFO [0;39m restartedMain] [org.apache.coyote.http11.Http11NioProtocol] [36mStarting ProtocolHandler ["http-nio-8082"][0;39m
[2024-01-10 10:54:29 [32mINFO [0;39m restartedMain] [org.springframework.boot.web.embedded.tomcat.TomcatWebServer] [36mTomcat started on port 8082 (http) with context path ''[0;39m
[2024-01-10 10:54:29 [32mINFO [0;39m restartedMain] [com.greengram.greengram4.Greengram4Application] [36mStarted Greengram4Application in 2.025 seconds (process running for 2.443)[0;39m
[2024-01-10 10:54:43 [32mINFO [0;39m http-nio-8082-exec-1] [org.apache.catalina.core.ContainerBase.[Tomcat].[localhost].[/]] [36mInitializing Spring DispatcherServlet 'dispatcherServlet'[0;39m
[2024-01-10 10:54:43 [32mINFO [0;39m http-nio-8082-exec-1] [org.springframework.web.servlet.DispatcherServlet] [36mInitializing Servlet 'dispatcherServlet'[0;39m
[2024-01-10 10:54:43 [32mINFO [0;39m http-nio-8082-exec-1] [org.springframework.web.servlet.DispatcherServlet] [36mCompleted initialization in 1 ms[0;39m
[2024-01-10 10:54:43 [32mINFO [0;39m http-nio-8082-exec-1] [com.greengram.greengram4.security.JwtAuthenticationFilter] [36mJwtAuthentication-Token : eyJhbGciOiJIUzI1NiJ9.eyJ1c2VyIjoie1wiaXVzZXJcIjoxfSIsImlhdCI6MTcwNDg1MTYzMywiZXhwIjoxNzA0ODU4ODMzfQ.MFtQuWbL2u4ReNMrifPkzMjA-3dn2I2FXlaunFv54Vg[0;39m
[2024-01-10 10:54:43 [32mINFO [0;39m http-nio-8082-exec-1] [com.greengram.greengram4.feed.FeedController] [36mdto : FeedInsDto(iuser=0, contents=string, location=string, pics=[string], ifeed=0)[0;39m
[2024-01-10 10:54:43 [32mINFO [0;39m http-nio-8082-exec-1] [com.greengram.greengram4.feed.FeedService] [36mdto : FeedInsDto(iuser=1, contents=string, location=string, pics=[string], ifeed=0)[0;39m
[2024-01-10 10:54:43 [32mINFO [0;39m http-nio-8082-exec-1] [com.zaxxer.hikari.HikariDataSource] [36mHikariPool-1 - Starting...[0;39m
[2024-01-10 10:54:43 [32mINFO [0;39m http-nio-8082-exec-1] [com.zaxxer.hikari.pool.HikariPool] [36mHikariPool-1 - Added connection org.mariadb.jdbc.Connection@2999c9b3[0;39m
[2024-01-10 10:54:43 [32mINFO [0;39m http-nio-8082-exec-1] [com.zaxxer.hikari.HikariDataSource] [36mHikariPool-1 - Start completed.[0;39m
[2024-01-10 10:57:15 [32mINFO [0;39m SpringApplicationShutdownHook] [com.zaxxer.hikari.HikariDataSource] [36mHikariPool-1 - Shutdown initiated...[0;39m
[2024-01-10 10:57:15 [32mINFO [0;39m SpringApplicationShutdownHook] [com.zaxxer.hikari.HikariDataSource] [36mHikariPool-1 - Shutdown completed.[0;39m
[2024-01-10 10:57:16 [32mINFO [0;39m restartedMain] [com.greengram.greengram4.Greengram4Application] [36mStarting Greengram4Application using Java 17.0.8.1 with PID 1932 (D:\Students\hyun\java\greengram4\build\classes\java\main started by Administrator in D:\Students\hyun\java\greengram4)[0;39m
[2024-01-10 10:57:16 [32mINFO [0;39m restartedMain] [com.greengram.greengram4.Greengram4Application] [36mNo active profile set, falling back to 1 default profile: "default"[0;39m
[2024-01-10 10:57:17 [32mINFO [0;39m restartedMain] [org.springframework.boot.devtools.env.DevToolsPropertyDefaultsPostProcessor] [36mDevtools property defaults active! Set 'spring.devtools.add-properties' to 'false' to disable[0;39m
[2024-01-10 10:57:17 [32mINFO [0;39m restartedMain] [org.springframework.boot.devtools.env.DevToolsPropertyDefaultsPostProcessor] [36mFor additional web related logging consider setting the 'logging.level.web' property to 'DEBUG'[0;39m
[2024-01-10 10:57:17 [32mINFO [0;39m restartedMain] [org.springframework.boot.web.embedded.tomcat.TomcatWebServer] [36mTomcat initialized with port 8082 (http)[0;39m
[2024-01-10 10:57:17 [32mINFO [0;39m restartedMain] [org.apache.coyote.http11.Http11NioProtocol] [36mInitializing ProtocolHandler ["http-nio-8082"][0;39m
[2024-01-10 10:57:17 [32mINFO [0;39m restartedMain] [org.apache.catalina.core.StandardService] [36mStarting service [Tomcat][0;39m
[2024-01-10 10:57:17 [32mINFO [0;39m restartedMain] [org.apache.catalina.core.StandardEngine] [36mStarting Servlet engine: [Apache Tomcat/10.1.17][0;39m
[2024-01-10 10:57:17 [32mINFO [0;39m restartedMain] [org.apache.catalina.core.ContainerBase.[Tomcat].[localhost].[/]] [36mInitializing Spring embedded WebApplicationContext[0;39m
[2024-01-10 10:57:17 [32mINFO [0;39m restartedMain] [org.springframework.boot.web.servlet.context.ServletWebServerApplicationContext] [36mRoot WebApplicationContext: initialization completed in 970 ms[0;39m
[2024-01-10 10:57:18 [32mINFO [0;39m restartedMain] [com.greengram.greengram4.security.JwtTokenProvider] [36msecret : DaeguGreenArtAcademyClass502RoomForJavaSpringBootFighting[0;39m
[2024-01-10 10:57:18 [32mINFO [0;39m restartedMain] [com.greengram.greengram4.security.JwtTokenProvider] [36mkeyBytes : [13, -89, -96, -72, 106, -34, 122, 112, 43, -76, 7, 26, 117, -23, -78, 10, 86, -84, -77, -99, 54, 70, -118, 38, 22, -118, -55, 106, -10, -110, -90, -72, -89, -128, 26, 40, -76, 88, -96, -122, -40, -89][0;39m
[2024-01-10 10:57:18 [32mINFO [0;39m restartedMain] [com.greengram.greengram4.common.FirebaseConfiguration] [36mFirebaseApp Initialization Complete !!![0;39m
[2024-01-10 10:57:18 [33mWARN [0;39m restartedMain] [org.springframework.boot.autoconfigure.security.servlet.UserDetailsServiceAutoConfiguration] [36m

Using generated security password: 4db4f171-e8ac-42e2-997b-afdc95b6c95c

This generated password is for development use only. Your security configuration must be updated before running your application in production.
[0;39m
[2024-01-10 10:57:18 [32mINFO [0;39m restartedMain] [org.springframework.boot.autoconfigure.web.servlet.WelcomePageHandlerMapping] [36mAdding welcome page: class path resource [static/index.html][0;39m
[2024-01-10 10:57:18 [32mINFO [0;39m restartedMain] [org.springframework.security.web.DefaultSecurityFilterChain] [36mWill secure any request with [org.springframework.security.web.session.DisableEncodeUrlFilter@33d7f99, org.springframework.security.web.context.request.async.WebAsyncManagerIntegrationFilter@61bc02a5, org.springframework.security.web.context.SecurityContextHolderFilter@59aafc47, org.springframework.security.web.header.HeaderWriterFilter@45305b10, org.springframework.web.filter.CorsFilter@1044f4f4, org.springframework.security.web.authentication.logout.LogoutFilter@70a1f688, com.greengram.greengram4.security.JwtAuthenticationFilter@10047da6, org.springframework.security.web.savedrequest.RequestCacheAwareFilter@7d3f66c0, org.springframework.security.web.servletapi.SecurityContextHolderAwareRequestFilter@7e5a109d, org.springframework.security.web.authentication.AnonymousAuthenticationFilter@4e49c737, org.springframework.security.web.session.SessionManagementFilter@443a591, org.springframework.security.web.access.ExceptionTranslationFilter@514a0357, org.springframework.security.web.access.intercept.AuthorizationFilter@6bd13645][0;39m
[2024-01-10 10:57:18 [32mINFO [0;39m restartedMain] [org.springframework.boot.devtools.autoconfigure.OptionalLiveReloadServer] [36mLiveReload server is running on port 35729[0;39m
[2024-01-10 10:57:18 [32mINFO [0;39m restartedMain] [org.apache.coyote.http11.Http11NioProtocol] [36mStarting ProtocolHandler ["http-nio-8082"][0;39m
[2024-01-10 10:57:18 [32mINFO [0;39m restartedMain] [org.springframework.boot.web.embedded.tomcat.TomcatWebServer] [36mTomcat started on port 8082 (http) with context path ''[0;39m
[2024-01-10 10:57:18 [32mINFO [0;39m restartedMain] [com.greengram.greengram4.Greengram4Application] [36mStarted Greengram4Application in 2.192 seconds (process running for 2.633)[0;39m
[2024-01-10 10:57:36 [32mINFO [0;39m http-nio-8082-exec-1] [org.apache.catalina.core.ContainerBase.[Tomcat].[localhost].[/]] [36mInitializing Spring DispatcherServlet 'dispatcherServlet'[0;39m
[2024-01-10 10:57:36 [32mINFO [0;39m http-nio-8082-exec-1] [org.springframework.web.servlet.DispatcherServlet] [36mInitializing Servlet 'dispatcherServlet'[0;39m
[2024-01-10 10:57:36 [32mINFO [0;39m http-nio-8082-exec-1] [org.springframework.web.servlet.DispatcherServlet] [36mCompleted initialization in 0 ms[0;39m
[2024-01-10 10:57:36 [32mINFO [0;39m http-nio-8082-exec-1] [com.greengram.greengram4.security.JwtAuthenticationFilter] [36mJwtAuthentication-Token : eyJhbGciOiJIUzI1NiJ9.eyJ1c2VyIjoie1wiaXVzZXJcIjoxfSIsImlhdCI6MTcwNDg1MTYzMywiZXhwIjoxNzA0ODU4ODMzfQ.MFtQuWbL2u4ReNMrifPkzMjA-3dn2I2FXlaunFv54Vg[0;39m
[2024-01-10 10:57:40 [32mINFO [0;39m http-nio-8082-exec-1] [com.zaxxer.hikari.HikariDataSource] [36mHikariPool-1 - Starting...[0;39m
[2024-01-10 10:57:40 [32mINFO [0;39m http-nio-8082-exec-1] [com.zaxxer.hikari.pool.HikariPool] [36mHikariPool-1 - Added connection org.mariadb.jdbc.Connection@32585fb9[0;39m
[2024-01-10 10:57:40 [32mINFO [0;39m http-nio-8082-exec-1] [com.zaxxer.hikari.HikariDataSource] [36mHikariPool-1 - Start completed.[0;39m
[2024-01-10 11:01:09 [33mWARN [0;39m HikariPool-1 housekeeper] [com.zaxxer.hikari.pool.HikariPool] [36mHikariPool-1 - Thread starvation or clock leap detected (housekeeper delta=3m29s148ms364µs300ns).[0;39m
[2024-01-10 11:04:38 [33mWARN [0;39m HikariPool-1 housekeeper] [com.zaxxer.hikari.pool.HikariPool] [36mHikariPool-1 - Thread starvation or clock leap detected (housekeeper delta=3m28s318ms200µs100ns).[0;39m
[2024-01-10 11:05:16 [32mINFO [0;39m http-nio-8082-exec-2] [com.greengram.greengram4.security.JwtAuthenticationFilter] [36mJwtAuthentication-Token : eyJhbGciOiJIUzI1NiJ9.eyJ1c2VyIjoie1wiaXVzZXJcIjoxfSIsImlhdCI6MTcwNDg1MTYzMywiZXhwIjoxNzA0ODU4ODMzfQ.MFtQuWbL2u4ReNMrifPkzMjA-3dn2I2FXlaunFv54Vg[0;39m
[2024-01-10 11:05:16 [32mINFO [0;39m http-nio-8082-exec-3] [com.greengram.greengram4.security.JwtAuthenticationFilter] [36mJwtAuthentication-Token : null[0;39m
[2024-01-10 11:05:22 [32mINFO [0;39m restartedMain] [com.greengram.greengram4.Greengram4Application] [36mStarting Greengram4Application using Java 17.0.8.1 with PID 2752 (D:\Students\hyun\java\greengram4\build\classes\java\main started by Administrator in D:\Students\hyun\java\greengram4)[0;39m
[2024-01-10 11:05:22 [32mINFO [0;39m restartedMain] [com.greengram.greengram4.Greengram4Application] [36mNo active profile set, falling back to 1 default profile: "default"[0;39m
[2024-01-10 11:05:22 [32mINFO [0;39m restartedMain] [org.springframework.boot.devtools.env.DevToolsPropertyDefaultsPostProcessor] [36mDevtools property defaults active! Set 'spring.devtools.add-properties' to 'false' to disable[0;39m
[2024-01-10 11:05:22 [32mINFO [0;39m restartedMain] [org.springframework.boot.devtools.env.DevToolsPropertyDefaultsPostProcessor] [36mFor additional web related logging consider setting the 'logging.level.web' property to 'DEBUG'[0;39m
[2024-01-10 11:05:23 [32mINFO [0;39m restartedMain] [org.springframework.boot.web.embedded.tomcat.TomcatWebServer] [36mTomcat initialized with port 8082 (http)[0;39m
[2024-01-10 11:05:23 [32mINFO [0;39m restartedMain] [org.apache.coyote.http11.Http11NioProtocol] [36mInitializing ProtocolHandler ["http-nio-8082"][0;39m
[2024-01-10 11:05:23 [32mINFO [0;39m restartedMain] [org.apache.catalina.core.StandardService] [36mStarting service [Tomcat][0;39m
[2024-01-10 11:05:23 [32mINFO [0;39m restartedMain] [org.apache.catalina.core.StandardEngine] [36mStarting Servlet engine: [Apache Tomcat/10.1.17][0;39m
[2024-01-10 11:05:23 [32mINFO [0;39m restartedMain] [org.apache.catalina.core.ContainerBase.[Tomcat].[localhost].[/]] [36mInitializing Spring embedded WebApplicationContext[0;39m
[2024-01-10 11:05:23 [32mINFO [0;39m restartedMain] [org.springframework.boot.web.servlet.context.ServletWebServerApplicationContext] [36mRoot WebApplicationContext: initialization completed in 896 ms[0;39m
[2024-01-10 11:05:23 [32mINFO [0;39m restartedMain] [com.greengram.greengram4.security.JwtTokenProvider] [36msecret : DaeguGreenArtAcademyClass502RoomForJavaSpringBootFighting[0;39m
[2024-01-10 11:05:23 [32mINFO [0;39m restartedMain] [com.greengram.greengram4.security.JwtTokenProvider] [36mkeyBytes : [13, -89, -96, -72, 106, -34, 122, 112, 43, -76, 7, 26, 117, -23, -78, 10, 86, -84, -77, -99, 54, 70, -118, 38, 22, -118, -55, 106, -10, -110, -90, -72, -89, -128, 26, 40, -76, 88, -96, -122, -40, -89][0;39m
[2024-01-10 11:05:23 [32mINFO [0;39m restartedMain] [com.greengram.greengram4.common.FirebaseConfiguration] [36mFirebaseApp Initialization Complete !!![0;39m
[2024-01-10 11:05:23 [33mWARN [0;39m restartedMain] [org.springframework.boot.autoconfigure.security.servlet.UserDetailsServiceAutoConfiguration] [36m

Using generated security password: b5d3ac6d-3d4e-4cd2-8784-397e7531cba9

This generated password is for development use only. Your security configuration must be updated before running your application in production.
[0;39m
[2024-01-10 11:05:23 [32mINFO [0;39m restartedMain] [org.springframework.boot.autoconfigure.web.servlet.WelcomePageHandlerMapping] [36mAdding welcome page: class path resource [static/index.html][0;39m
[2024-01-10 11:05:23 [32mINFO [0;39m restartedMain] [org.springframework.security.web.DefaultSecurityFilterChain] [36mWill secure any request with [org.springframework.security.web.session.DisableEncodeUrlFilter@1f6d920a, org.springframework.security.web.context.request.async.WebAsyncManagerIntegrationFilter@13ad1ed0, org.springframework.security.web.context.SecurityContextHolderFilter@7a3c0d8, org.springframework.security.web.header.HeaderWriterFilter@7108b5fd, org.springframework.web.filter.CorsFilter@7a875aef, org.springframework.security.web.authentication.logout.LogoutFilter@4e4c443f, com.greengram.greengram4.security.JwtAuthenticationFilter@3c853452, org.springframework.security.web.savedrequest.RequestCacheAwareFilter@6e7ae007, org.springframework.security.web.servletapi.SecurityContextHolderAwareRequestFilter@54618551, org.springframework.security.web.authentication.AnonymousAuthenticationFilter@6404c5a8, org.springframework.security.web.session.SessionManagementFilter@6bf27ab4, org.springframework.security.web.access.ExceptionTranslationFilter@2d9bf41c, org.springframework.security.web.access.intercept.AuthorizationFilter@13d3f3e4][0;39m
[2024-01-10 11:05:24 [32mINFO [0;39m restartedMain] [org.springframework.boot.devtools.autoconfigure.OptionalLiveReloadServer] [36mLiveReload server is running on port 35729[0;39m
[2024-01-10 11:05:24 [32mINFO [0;39m restartedMain] [org.apache.coyote.http11.Http11NioProtocol] [36mStarting ProtocolHandler ["http-nio-8082"][0;39m
[2024-01-10 11:05:24 [32mINFO [0;39m restartedMain] [org.springframework.boot.web.embedded.tomcat.TomcatWebServer] [36mTomcat started on port 8082 (http) with context path ''[0;39m
[2024-01-10 11:05:24 [32mINFO [0;39m restartedMain] [com.greengram.greengram4.Greengram4Application] [36mStarted Greengram4Application in 1.951 seconds (process running for 2.353)[0;39m
[2024-01-10 11:05:24 [32mINFO [0;39m http-nio-8082-exec-1] [org.apache.catalina.core.ContainerBase.[Tomcat].[localhost].[/]] [36mInitializing Spring DispatcherServlet 'dispatcherServlet'[0;39m
[2024-01-10 11:05:24 [32mINFO [0;39m http-nio-8082-exec-1] [org.springframework.web.servlet.DispatcherServlet] [36mInitializing Servlet 'dispatcherServlet'[0;39m
[2024-01-10 11:05:24 [32mINFO [0;39m http-nio-8082-exec-1] [org.springframework.web.servlet.DispatcherServlet] [36mCompleted initialization in 1 ms[0;39m
[2024-01-10 11:05:24 [32mINFO [0;39m http-nio-8082-exec-1] [com.greengram.greengram4.security.JwtAuthenticationFilter] [36mJwtAuthentication-Token : null[0;39m
[2024-01-10 11:05:24 [32mINFO [0;39m http-nio-8082-exec-3] [com.greengram.greengram4.security.JwtAuthenticationFilter] [36mJwtAuthentication-Token : null[0;39m
[2024-01-10 11:05:24 [32mINFO [0;39m http-nio-8082-exec-8] [com.greengram.greengram4.security.JwtAuthenticationFilter] [36mJwtAuthentication-Token : null[0;39m
[2024-01-10 11:05:24 [32mINFO [0;39m http-nio-8082-exec-6] [com.greengram.greengram4.security.JwtAuthenticationFilter] [36mJwtAuthentication-Token : null[0;39m
[2024-01-10 11:05:24 [32mINFO [0;39m http-nio-8082-exec-5] [com.greengram.greengram4.security.JwtAuthenticationFilter] [36mJwtAuthentication-Token : null[0;39m
[2024-01-10 11:05:24 [32mINFO [0;39m http-nio-8082-exec-4] [com.greengram.greengram4.security.JwtAuthenticationFilter] [36mJwtAuthentication-Token : null[0;39m
[2024-01-10 11:05:24 [32mINFO [0;39m http-nio-8082-exec-7] [com.greengram.greengram4.security.JwtAuthenticationFilter] [36mJwtAuthentication-Token : null[0;39m
[2024-01-10 11:05:24 [32mINFO [0;39m http-nio-8082-exec-2] [com.greengram.greengram4.security.JwtAuthenticationFilter] [36mJwtAuthentication-Token : null[0;39m
[2024-01-10 11:05:24 [32mINFO [0;39m http-nio-8082-exec-9] [com.greengram.greengram4.security.JwtAuthenticationFilter] [36mJwtAuthentication-Token : null[0;39m
[2024-01-10 11:05:25 [32mINFO [0;39m http-nio-8082-exec-9] [org.springdoc.api.AbstractOpenApiResource] [36mInit duration for springdoc-openapi is: 206 ms[0;39m
[2024-01-10 11:05:38 [32mINFO [0;39m http-nio-8082-exec-10] [com.greengram.greengram4.security.JwtAuthenticationFilter] [36mJwtAuthentication-Token : null[0;39m
[2024-01-10 11:05:38 [32mINFO [0;39m http-nio-8082-exec-10] [com.zaxxer.hikari.HikariDataSource] [36mHikariPool-1 - Starting...[0;39m
[2024-01-10 11:05:38 [32mINFO [0;39m http-nio-8082-exec-10] [com.zaxxer.hikari.pool.HikariPool] [36mHikariPool-1 - Added connection org.mariadb.jdbc.Connection@4aeabd19[0;39m
[2024-01-10 11:05:38 [32mINFO [0;39m http-nio-8082-exec-10] [com.zaxxer.hikari.HikariDataSource] [36mHikariPool-1 - Start completed.[0;39m
[2024-01-10 11:05:54 [32mINFO [0;39m SpringApplicationShutdownHook] [com.zaxxer.hikari.HikariDataSource] [36mHikariPool-1 - Shutdown initiated...[0;39m
[2024-01-10 11:05:54 [32mINFO [0;39m SpringApplicationShutdownHook] [com.zaxxer.hikari.HikariDataSource] [36mHikariPool-1 - Shutdown completed.[0;39m
[2024-01-10 11:05:56 [32mINFO [0;39m restartedMain] [com.greengram.greengram4.Greengram4Application] [36mStarting Greengram4Application using Java 17.0.8.1 with PID 1376 (D:\Students\hyun\java\greengram4\build\classes\java\main started by Administrator in D:\Students\hyun\java\greengram4)[0;39m
[2024-01-10 11:05:56 [32mINFO [0;39m restartedMain] [com.greengram.greengram4.Greengram4Application] [36mNo active profile set, falling back to 1 default profile: "default"[0;39m
[2024-01-10 11:05:56 [32mINFO [0;39m restartedMain] [org.springframework.boot.devtools.env.DevToolsPropertyDefaultsPostProcessor] [36mDevtools property defaults active! Set 'spring.devtools.add-properties' to 'false' to disable[0;39m
[2024-01-10 11:05:56 [32mINFO [0;39m restartedMain] [org.springframework.boot.devtools.env.DevToolsPropertyDefaultsPostProcessor] [36mFor additional web related logging consider setting the 'logging.level.web' property to 'DEBUG'[0;39m
[2024-01-10 11:05:57 [32mINFO [0;39m restartedMain] [org.springframework.boot.web.embedded.tomcat.TomcatWebServer] [36mTomcat initialized with port 8082 (http)[0;39m
[2024-01-10 11:05:57 [32mINFO [0;39m restartedMain] [org.apache.coyote.http11.Http11NioProtocol] [36mInitializing ProtocolHandler ["http-nio-8082"][0;39m
[2024-01-10 11:05:57 [32mINFO [0;39m restartedMain] [org.apache.catalina.core.StandardService] [36mStarting service [Tomcat][0;39m
[2024-01-10 11:05:57 [32mINFO [0;39m restartedMain] [org.apache.catalina.core.StandardEngine] [36mStarting Servlet engine: [Apache Tomcat/10.1.17][0;39m
[2024-01-10 11:05:57 [32mINFO [0;39m restartedMain] [org.apache.catalina.core.ContainerBase.[Tomcat].[localhost].[/]] [36mInitializing Spring embedded WebApplicationContext[0;39m
[2024-01-10 11:05:57 [32mINFO [0;39m restartedMain] [org.springframework.boot.web.servlet.context.ServletWebServerApplicationContext] [36mRoot WebApplicationContext: initialization completed in 994 ms[0;39m
[2024-01-10 11:05:57 [32mINFO [0;39m restartedMain] [com.greengram.greengram4.security.JwtTokenProvider] [36msecret : DaeguGreenArtAcademyClass502RoomForJavaSpringBootFighting[0;39m
[2024-01-10 11:05:57 [32mINFO [0;39m restartedMain] [com.greengram.greengram4.security.JwtTokenProvider] [36mkeyBytes : [13, -89, -96, -72, 106, -34, 122, 112, 43, -76, 7, 26, 117, -23, -78, 10, 86, -84, -77, -99, 54, 70, -118, 38, 22, -118, -55, 106, -10, -110, -90, -72, -89, -128, 26, 40, -76, 88, -96, -122, -40, -89][0;39m
[2024-01-10 11:05:57 [32mINFO [0;39m restartedMain] [com.greengram.greengram4.common.FirebaseConfiguration] [36mFirebaseApp Initialization Complete !!![0;39m
[2024-01-10 11:05:58 [33mWARN [0;39m restartedMain] [org.springframework.boot.autoconfigure.security.servlet.UserDetailsServiceAutoConfiguration] [36m

Using generated security password: e118e594-6218-4628-9de2-1ceb56ca34de

This generated password is for development use only. Your security configuration must be updated before running your application in production.
[0;39m
[2024-01-10 11:05:58 [32mINFO [0;39m restartedMain] [org.springframework.boot.autoconfigure.web.servlet.WelcomePageHandlerMapping] [36mAdding welcome page: class path resource [static/index.html][0;39m
[2024-01-10 11:05:58 [32mINFO [0;39m restartedMain] [org.springframework.security.web.DefaultSecurityFilterChain] [36mWill secure any request with [org.springframework.security.web.session.DisableEncodeUrlFilter@4c63bb, org.springframework.security.web.context.request.async.WebAsyncManagerIntegrationFilter@69773ba6, org.springframework.security.web.context.SecurityContextHolderFilter@4427852e, org.springframework.security.web.header.HeaderWriterFilter@27521f9a, org.springframework.web.filter.CorsFilter@26fa7c87, org.springframework.security.web.authentication.logout.LogoutFilter@6a2d2729, com.greengram.greengram4.security.JwtAuthenticationFilter@1d0cab00, org.springframework.security.web.savedrequest.RequestCacheAwareFilter@57a79f2, org.springframework.security.web.servletapi.SecurityContextHolderAwareRequestFilter@2e256599, org.springframework.security.web.authentication.AnonymousAuthenticationFilter@7c5ee7db, org.springframework.security.web.session.SessionManagementFilter@b63b509, org.springframework.security.web.access.ExceptionTranslationFilter@232972cd, org.springframework.security.web.access.intercept.AuthorizationFilter@5e86ea8e][0;39m
[2024-01-10 11:05:58 [32mINFO [0;39m restartedMain] [org.springframework.boot.devtools.autoconfigure.OptionalLiveReloadServer] [36mLiveReload server is running on port 35729[0;39m
[2024-01-10 11:05:58 [32mINFO [0;39m restartedMain] [org.apache.coyote.http11.Http11NioProtocol] [36mStarting ProtocolHandler ["http-nio-8082"][0;39m
[2024-01-10 11:05:58 [32mINFO [0;39m restartedMain] [org.springframework.boot.web.embedded.tomcat.TomcatWebServer] [36mTomcat started on port 8082 (http) with context path ''[0;39m
[2024-01-10 11:05:58 [32mINFO [0;39m restartedMain] [com.greengram.greengram4.Greengram4Application] [36mStarted Greengram4Application in 2.249 seconds (process running for 2.701)[0;39m
[2024-01-10 11:06:14 [32mINFO [0;39m http-nio-8082-exec-1] [org.apache.catalina.core.ContainerBase.[Tomcat].[localhost].[/]] [36mInitializing Spring DispatcherServlet 'dispatcherServlet'[0;39m
[2024-01-10 11:06:14 [32mINFO [0;39m http-nio-8082-exec-1] [org.springframework.web.servlet.DispatcherServlet] [36mInitializing Servlet 'dispatcherServlet'[0;39m
[2024-01-10 11:06:14 [32mINFO [0;39m http-nio-8082-exec-1] [org.springframework.web.servlet.DispatcherServlet] [36mCompleted initialization in 1 ms[0;39m
[2024-01-10 11:33:09 [32mINFO [0;39m http-nio-8082-exec-1] [com.greengram.greengram4.security.JwtAuthenticationFilter] [36mJwtAuthentication-Token : eyJhbGciOiJIUzI1NiJ9.eyJ1c2VyIjoie1wiaXVzZXJcIjoxfSIsImlhdCI6MTcwNDg1MjMzOSwiZXhwIjoxNzA0ODU5NTM5fQ.l8cRT5hlPisId0BiIFIRJUEBZ6evUcxGLUHGnarT7nQ[0;39m
[2024-01-10 11:44:44 [32mINFO [0;39m File Watcher] [org.springframework.boot.devtools.autoconfigure.LocalDevToolsAutoConfiguration$RestartingClassPathChangeChangedEventListener] [36mRestarting due to 3 class path changes (0 additions, 0 deletions, 3 modifications)[0;39m
[2024-01-10 11:44:44 [32mINFO [0;39m Thread-5] [org.apache.coyote.http11.Http11NioProtocol] [36mStopping ProtocolHandler ["http-nio-8082"][0;39m
[2024-01-10 13:11:01 [33mWARN [0;39m Thread-5] [org.apache.tomcat.util.net.NioEndpoint] [36mThe executor associated with thread pool [http-nio-8082] has not fully shutdown. Some application threads may still be running.[0;39m
