[2024-01-15 10:55:48 [32mINFO [0;39m restartedMain] [com.greengram.greengram4.Greengram4Application] [36mStarting Greengram4Application using Java 17.0.8.1 with PID 2112 (D:\Students\hyun\java\greengram4\build\classes\java\main started by Administrator in D:\Students\hyun\java\greengram4)[0;39m
[2024-01-15 10:55:48 [32mINFO [0;39m restartedMain] [com.greengram.greengram4.Greengram4Application] [36mNo active profile set, falling back to 1 default profile: "default"[0;39m
[2024-01-15 10:55:48 [32mINFO [0;39m restartedMain] [org.springframework.boot.devtools.env.DevToolsPropertyDefaultsPostProcessor] [36mDevtools property defaults active! Set 'spring.devtools.add-properties' to 'false' to disable[0;39m
[2024-01-15 10:55:48 [32mINFO [0;39m restartedMain] [org.springframework.boot.devtools.env.DevToolsPropertyDefaultsPostProcessor] [36mFor additional web related logging consider setting the 'logging.level.web' property to 'DEBUG'[0;39m
[2024-01-15 10:55:49 [32mINFO [0;39m restartedMain] [org.springframework.boot.web.embedded.tomcat.TomcatWebServer] [36mTomcat initialized with port 8082 (http)[0;39m
[2024-01-15 10:55:49 [32mINFO [0;39m restartedMain] [org.apache.coyote.http11.Http11NioProtocol] [36mInitializing ProtocolHandler ["http-nio-8082"][0;39m
[2024-01-15 10:55:49 [32mINFO [0;39m restartedMain] [org.apache.catalina.core.StandardService] [36mStarting service [Tomcat][0;39m
[2024-01-15 10:55:49 [32mINFO [0;39m restartedMain] [org.apache.catalina.core.StandardEngine] [36mStarting Servlet engine: [Apache Tomcat/10.1.17][0;39m
[2024-01-15 10:55:49 [32mINFO [0;39m restartedMain] [org.apache.catalina.core.ContainerBase.[Tomcat].[localhost].[/]] [36mInitializing Spring embedded WebApplicationContext[0;39m
[2024-01-15 10:55:49 [32mINFO [0;39m restartedMain] [org.springframework.boot.web.servlet.context.ServletWebServerApplicationContext] [36mRoot WebApplicationContext: initialization completed in 1037 ms[0;39m
[2024-01-15 10:55:49 [32mINFO [0;39m restartedMain] [com.greengram.greengram4.security.JwtTokenProvider] [36msecret : DaeguGreenArtAcademyClass502RoomForJavaSpringBootFighting[0;39m
[2024-01-15 10:55:49 [32mINFO [0;39m restartedMain] [com.greengram.greengram4.common.FirebaseConfiguration] [36mFirebaseApp Initialization Complete !!![0;39m
[2024-01-15 10:55:49 [33mWARN [0;39m restartedMain] [org.springframework.boot.autoconfigure.security.servlet.UserDetailsServiceAutoConfiguration] [36m

Using generated security password: c8e1563c-98e1-4c0d-8b2e-cc399d0cafb7

This generated password is for development use only. Your security configuration must be updated before running your application in production.
[0;39m
[2024-01-15 10:55:49 [32mINFO [0;39m restartedMain] [org.springframework.boot.autoconfigure.web.servlet.WelcomePageHandlerMapping] [36mAdding welcome page: class path resource [static/index.html][0;39m
[2024-01-15 10:55:50 [32mINFO [0;39m restartedMain] [org.springframework.security.web.DefaultSecurityFilterChain] [36mWill secure any request with [org.springframework.security.web.session.DisableEncodeUrlFilter@56594d44, org.springframework.security.web.context.request.async.WebAsyncManagerIntegrationFilter@23ddbba1, org.springframework.security.web.context.SecurityContextHolderFilter@58dd31e7, org.springframework.security.web.header.HeaderWriterFilter@8ef4619, org.springframework.web.filter.CorsFilter@58ea92ec, org.springframework.security.web.authentication.logout.LogoutFilter@35d00f9e, com.greengram.greengram4.security.JwtAuthenticationFilter@1b4a18c4, org.springframework.security.web.savedrequest.RequestCacheAwareFilter@4cc8eea3, org.springframework.security.web.servletapi.SecurityContextHolderAwareRequestFilter@604ef1d7, org.springframework.security.web.authentication.AnonymousAuthenticationFilter@6fb7af74, org.springframework.security.web.session.SessionManagementFilter@27458ae, org.springframework.security.web.access.ExceptionTranslationFilter@6cfd7d94, org.springframework.security.web.access.intercept.AuthorizationFilter@31d88533][0;39m
[2024-01-15 10:55:50 [32mINFO [0;39m restartedMain] [org.springframework.boot.devtools.autoconfigure.OptionalLiveReloadServer] [36mLiveReload server is running on port 35729[0;39m
[2024-01-15 10:55:50 [32mINFO [0;39m restartedMain] [org.apache.coyote.http11.Http11NioProtocol] [36mStarting ProtocolHandler ["http-nio-8082"][0;39m
[2024-01-15 10:55:50 [32mINFO [0;39m restartedMain] [org.springframework.boot.web.embedded.tomcat.TomcatWebServer] [36mTomcat started on port 8082 (http) with context path ''[0;39m
[2024-01-15 10:55:50 [32mINFO [0;39m restartedMain] [com.greengram.greengram4.Greengram4Application] [36mStarted Greengram4Application in 2.255 seconds (process running for 2.696)[0;39m
[2024-01-15 10:55:58 [32mINFO [0;39m http-nio-8082-exec-1] [org.apache.catalina.core.ContainerBase.[Tomcat].[localhost].[/]] [36mInitializing Spring DispatcherServlet 'dispatcherServlet'[0;39m
[2024-01-15 10:55:58 [32mINFO [0;39m http-nio-8082-exec-1] [org.springframework.web.servlet.DispatcherServlet] [36mInitializing Servlet 'dispatcherServlet'[0;39m
[2024-01-15 10:55:58 [32mINFO [0;39m http-nio-8082-exec-1] [org.springframework.web.servlet.DispatcherServlet] [36mCompleted initialization in 0 ms[0;39m
[2024-01-15 10:55:58 [32mINFO [0;39m http-nio-8082-exec-1] [com.greengram.greengram4.security.JwtAuthenticationFilter] [36mJwtAuthentication-Token : null[0;39m
[2024-01-15 10:55:58 [32mINFO [0;39m http-nio-8082-exec-2] [com.greengram.greengram4.security.JwtAuthenticationFilter] [36mJwtAuthentication-Token : null[0;39m
[2024-01-15 10:55:58 [32mINFO [0;39m http-nio-8082-exec-3] [com.greengram.greengram4.security.JwtAuthenticationFilter] [36mJwtAuthentication-Token : null[0;39m
[2024-01-15 10:55:58 [32mINFO [0;39m http-nio-8082-exec-7] [com.greengram.greengram4.security.JwtAuthenticationFilter] [36mJwtAuthentication-Token : null[0;39m
[2024-01-15 10:55:59 [32mINFO [0;39m http-nio-8082-exec-8] [com.greengram.greengram4.security.JwtAuthenticationFilter] [36mJwtAuthentication-Token : null[0;39m
[2024-01-15 10:55:59 [32mINFO [0;39m http-nio-8082-exec-4] [com.greengram.greengram4.security.JwtAuthenticationFilter] [36mJwtAuthentication-Token : null[0;39m
[2024-01-15 10:56:02 [32mINFO [0;39m http-nio-8082-exec-6] [com.greengram.greengram4.security.JwtAuthenticationFilter] [36mJwtAuthentication-Token : null[0;39m
[2024-01-15 10:56:02 [32mINFO [0;39m http-nio-8082-exec-5] [com.greengram.greengram4.security.JwtAuthenticationFilter] [36mJwtAuthentication-Token : null[0;39m
[2024-01-15 10:56:02 [32mINFO [0;39m http-nio-8082-exec-9] [com.greengram.greengram4.security.JwtAuthenticationFilter] [36mJwtAuthentication-Token : null[0;39m
[2024-01-15 10:56:02 [32mINFO [0;39m http-nio-8082-exec-10] [com.greengram.greengram4.security.JwtAuthenticationFilter] [36mJwtAuthentication-Token : null[0;39m
[2024-01-15 10:56:04 [32mINFO [0;39m http-nio-8082-exec-1] [com.greengram.greengram4.security.JwtAuthenticationFilter] [36mJwtAuthentication-Token : null[0;39m
[2024-01-15 10:56:04 [32mINFO [0;39m http-nio-8082-exec-3] [com.greengram.greengram4.security.JwtAuthenticationFilter] [36mJwtAuthentication-Token : null[0;39m
[2024-01-15 10:56:04 [32mINFO [0;39m http-nio-8082-exec-7] [com.greengram.greengram4.security.JwtAuthenticationFilter] [36mJwtAuthentication-Token : null[0;39m
[2024-01-15 10:56:04 [32mINFO [0;39m http-nio-8082-exec-4] [com.greengram.greengram4.security.JwtAuthenticationFilter] [36mJwtAuthentication-Token : null[0;39m
[2024-01-15 10:56:04 [32mINFO [0;39m http-nio-8082-exec-8] [com.greengram.greengram4.security.JwtAuthenticationFilter] [36mJwtAuthentication-Token : null[0;39m
[2024-01-15 10:56:04 [32mINFO [0;39m http-nio-8082-exec-2] [com.greengram.greengram4.security.JwtAuthenticationFilter] [36mJwtAuthentication-Token : null[0;39m
[2024-01-15 10:56:04 [32mINFO [0;39m http-nio-8082-exec-6] [com.greengram.greengram4.security.JwtAuthenticationFilter] [36mJwtAuthentication-Token : null[0;39m
[2024-01-15 10:56:04 [32mINFO [0;39m http-nio-8082-exec-5] [com.greengram.greengram4.security.JwtAuthenticationFilter] [36mJwtAuthentication-Token : null[0;39m
[2024-01-15 10:56:04 [32mINFO [0;39m http-nio-8082-exec-5] [org.springdoc.api.AbstractOpenApiResource] [36mInit duration for springdoc-openapi is: 163 ms[0;39m
[2024-01-15 10:56:53 [32mINFO [0;39m http-nio-8082-exec-10] [com.greengram.greengram4.security.JwtAuthenticationFilter] [36mJwtAuthentication-Token : eyJhbGciOiJIUzI1NiJ9.eyJ1c2VyIjoie1wiaXVzZXJcIjoxfSIsImlhdCI6MTcwNTAyMzQ2MiwiZXhwIjoxNzA1MDMwNjYyfQ.yPm9F1a9yCiG0MgoEiPjU1j7GEQ9SI1aPi5HYuC3LeM[0;39m
[2024-01-15 10:57:33 [32mINFO [0;39m http-nio-8082-exec-6] [com.greengram.greengram4.security.JwtAuthenticationFilter] [36mJwtAuthentication-Token : eyJhbGciOiJIUzI1NiJ9.eyJ1c2VyIjoie1wiaXVzZXJcIjoxfSIsImlhdCI6MTcwNTAyMzQ2MiwiZXhwIjoxNzA1MDMwNjYyfQ.yPm9F1a9yCiG0MgoEiPjU1j7GEQ9SI1aPi5HYuC3LeM[0;39m
[2024-01-15 11:00:15 [32mINFO [0;39m restartedMain] [com.greengram.greengram4.Greengram4Application] [36mStarting Greengram4Application using Java 17.0.8.1 with PID 8040 (D:\Students\hyun\java\greengram4\build\classes\java\main started by Administrator in D:\Students\hyun\java\greengram4)[0;39m
[2024-01-15 11:00:15 [32mINFO [0;39m restartedMain] [com.greengram.greengram4.Greengram4Application] [36mNo active profile set, falling back to 1 default profile: "default"[0;39m
[2024-01-15 11:00:15 [32mINFO [0;39m restartedMain] [org.springframework.boot.devtools.env.DevToolsPropertyDefaultsPostProcessor] [36mDevtools property defaults active! Set 'spring.devtools.add-properties' to 'false' to disable[0;39m
[2024-01-15 11:00:15 [32mINFO [0;39m restartedMain] [org.springframework.boot.devtools.env.DevToolsPropertyDefaultsPostProcessor] [36mFor additional web related logging consider setting the 'logging.level.web' property to 'DEBUG'[0;39m
[2024-01-15 11:00:16 [32mINFO [0;39m restartedMain] [org.springframework.boot.web.embedded.tomcat.TomcatWebServer] [36mTomcat initialized with port 8082 (http)[0;39m
[2024-01-15 11:00:16 [32mINFO [0;39m restartedMain] [org.apache.coyote.http11.Http11NioProtocol] [36mInitializing ProtocolHandler ["http-nio-8082"][0;39m
[2024-01-15 11:00:16 [32mINFO [0;39m restartedMain] [org.apache.catalina.core.StandardService] [36mStarting service [Tomcat][0;39m
[2024-01-15 11:00:16 [32mINFO [0;39m restartedMain] [org.apache.catalina.core.StandardEngine] [36mStarting Servlet engine: [Apache Tomcat/10.1.17][0;39m
[2024-01-15 11:00:16 [32mINFO [0;39m restartedMain] [org.apache.catalina.core.ContainerBase.[Tomcat].[localhost].[/]] [36mInitializing Spring embedded WebApplicationContext[0;39m
[2024-01-15 11:00:16 [32mINFO [0;39m restartedMain] [org.springframework.boot.web.servlet.context.ServletWebServerApplicationContext] [36mRoot WebApplicationContext: initialization completed in 1076 ms[0;39m
[2024-01-15 11:00:16 [32mINFO [0;39m restartedMain] [com.greengram.greengram4.security.JwtTokenProvider] [36msecret : DaeguGreenArtAcademyClass502RoomForJavaSpringBootFighting[0;39m
[2024-01-15 11:00:16 [32mINFO [0;39m restartedMain] [com.greengram.greengram4.common.FirebaseConfiguration] [36mFirebaseApp Initialization Complete !!![0;39m
[2024-01-15 11:00:16 [33mWARN [0;39m restartedMain] [org.springframework.boot.autoconfigure.security.servlet.UserDetailsServiceAutoConfiguration] [36m

Using generated security password: cec0ebdf-e020-4a53-8025-e887fd660970

This generated password is for development use only. Your security configuration must be updated before running your application in production.
[0;39m
[2024-01-15 11:00:16 [32mINFO [0;39m restartedMain] [org.springframework.boot.autoconfigure.web.servlet.WelcomePageHandlerMapping] [36mAdding welcome page: class path resource [static/index.html][0;39m
[2024-01-15 11:00:16 [32mINFO [0;39m restartedMain] [org.springframework.security.web.DefaultSecurityFilterChain] [36mWill secure any request with [org.springframework.security.web.session.DisableEncodeUrlFilter@3019e8ad, org.springframework.security.web.context.request.async.WebAsyncManagerIntegrationFilter@3831eb1a, org.springframework.security.web.context.SecurityContextHolderFilter@28c96a2a, org.springframework.security.web.header.HeaderWriterFilter@33024dab, org.springframework.web.filter.CorsFilter@677fdc16, org.springframework.security.web.authentication.logout.LogoutFilter@53cc94d9, com.greengram.greengram4.security.JwtAuthenticationFilter@3ec4906a, org.springframework.security.web.savedrequest.RequestCacheAwareFilter@587165ec, org.springframework.security.web.servletapi.SecurityContextHolderAwareRequestFilter@61c2cc25, org.springframework.security.web.authentication.AnonymousAuthenticationFilter@5dbf7261, org.springframework.security.web.session.SessionManagementFilter@5d28d0fd, org.springframework.security.web.access.ExceptionTranslationFilter@18f5a947, org.springframework.security.web.access.intercept.AuthorizationFilter@4d48bd01][0;39m
[2024-01-15 11:00:16 [32mINFO [0;39m restartedMain] [org.springframework.boot.devtools.autoconfigure.OptionalLiveReloadServer] [36mLiveReload server is running on port 35729[0;39m
[2024-01-15 11:00:16 [32mINFO [0;39m restartedMain] [org.apache.coyote.http11.Http11NioProtocol] [36mStarting ProtocolHandler ["http-nio-8082"][0;39m
[2024-01-15 11:00:16 [32mINFO [0;39m restartedMain] [org.springframework.boot.web.embedded.tomcat.TomcatWebServer] [36mTomcat started on port 8082 (http) with context path ''[0;39m
[2024-01-15 11:00:16 [32mINFO [0;39m restartedMain] [com.greengram.greengram4.Greengram4Application] [36mStarted Greengram4Application in 2.139 seconds (process running for 2.552)[0;39m
[2024-01-15 11:00:18 [32mINFO [0;39m http-nio-8082-exec-1] [org.apache.catalina.core.ContainerBase.[Tomcat].[localhost].[/]] [36mInitializing Spring DispatcherServlet 'dispatcherServlet'[0;39m
[2024-01-15 11:00:18 [32mINFO [0;39m http-nio-8082-exec-1] [org.springframework.web.servlet.DispatcherServlet] [36mInitializing Servlet 'dispatcherServlet'[0;39m
[2024-01-15 11:00:18 [32mINFO [0;39m http-nio-8082-exec-1] [org.springframework.web.servlet.DispatcherServlet] [36mCompleted initialization in 0 ms[0;39m
[2024-01-15 11:00:18 [32mINFO [0;39m http-nio-8082-exec-1] [com.greengram.greengram4.security.JwtAuthenticationFilter] [36mJwtAuthentication-Token : eyJhbGciOiJIUzI1NiJ9.eyJ1c2VyIjoie1wiaXVzZXJcIjoxfSIsImlhdCI6MTcwNTAyMzQ2MiwiZXhwIjoxNzA1MDMwNjYyfQ.yPm9F1a9yCiG0MgoEiPjU1j7GEQ9SI1aPi5HYuC3LeM[0;39m
[2024-01-15 11:00:25 [32mINFO [0;39m File Watcher] [org.springframework.boot.devtools.autoconfigure.LocalDevToolsAutoConfiguration$RestartingClassPathChangeChangedEventListener] [36mRestarting due to 3 class path changes (0 additions, 0 deletions, 3 modifications)[0;39m
[2024-01-15 11:00:25 [32mINFO [0;39m Thread-5] [org.apache.coyote.http11.Http11NioProtocol] [36mStopping ProtocolHandler ["http-nio-8082"][0;39m
[2024-01-15 11:00:25 [32mINFO [0;39m restartedMain] [com.greengram.greengram4.Greengram4Application] [36mStarting Greengram4Application using Java 17.0.8.1 with PID 8040 (D:\Students\hyun\java\greengram4\build\classes\java\main started by Administrator in D:\Students\hyun\java\greengram4)[0;39m
[2024-01-15 11:00:25 [32mINFO [0;39m restartedMain] [com.greengram.greengram4.Greengram4Application] [36mNo active profile set, falling back to 1 default profile: "default"[0;39m
[2024-01-15 11:00:25 [32mINFO [0;39m restartedMain] [org.springframework.boot.web.embedded.tomcat.TomcatWebServer] [36mTomcat initialized with port 8082 (http)[0;39m
[2024-01-15 11:00:25 [32mINFO [0;39m restartedMain] [org.apache.coyote.http11.Http11NioProtocol] [36mInitializing ProtocolHandler ["http-nio-8082"][0;39m
[2024-01-15 11:00:25 [32mINFO [0;39m restartedMain] [org.apache.catalina.core.StandardService] [36mStarting service [Tomcat][0;39m
[2024-01-15 11:00:25 [32mINFO [0;39m restartedMain] [org.apache.catalina.core.StandardEngine] [36mStarting Servlet engine: [Apache Tomcat/10.1.17][0;39m
[2024-01-15 11:00:25 [32mINFO [0;39m restartedMain] [org.apache.catalina.core.ContainerBase.[Tomcat].[localhost].[/]] [36mInitializing Spring embedded WebApplicationContext[0;39m
[2024-01-15 11:00:25 [32mINFO [0;39m restartedMain] [org.springframework.boot.web.servlet.context.ServletWebServerApplicationContext] [36mRoot WebApplicationContext: initialization completed in 247 ms[0;39m
[2024-01-15 11:00:25 [32mINFO [0;39m restartedMain] [com.greengram.greengram4.security.JwtTokenProvider] [36msecret : DaeguGreenArtAcademyClass502RoomForJavaSpringBootFighting[0;39m
[2024-01-15 11:00:25 [33mWARN [0;39m restartedMain] [org.springframework.boot.autoconfigure.security.servlet.UserDetailsServiceAutoConfiguration] [36m

Using generated security password: a51c4bf5-5fcc-4f7e-ae5d-fea20256c5b2

This generated password is for development use only. Your security configuration must be updated before running your application in production.
[0;39m
[2024-01-15 11:00:25 [32mINFO [0;39m restartedMain] [org.springframework.boot.autoconfigure.web.servlet.WelcomePageHandlerMapping] [36mAdding welcome page: class path resource [static/index.html][0;39m
[2024-01-15 11:00:25 [32mINFO [0;39m restartedMain] [org.springframework.security.web.DefaultSecurityFilterChain] [36mWill secure any request with [org.springframework.security.web.session.DisableEncodeUrlFilter@6b32cc0f, org.springframework.security.web.context.request.async.WebAsyncManagerIntegrationFilter@705877e4, org.springframework.security.web.context.SecurityContextHolderFilter@17e10c3b, org.springframework.security.web.header.HeaderWriterFilter@aa5cbfc, org.springframework.web.filter.CorsFilter@16c4da89, org.springframework.security.web.authentication.logout.LogoutFilter@47cb974a, com.greengram.greengram4.security.JwtAuthenticationFilter@728a0cd, org.springframework.security.web.savedrequest.RequestCacheAwareFilter@14d50a36, org.springframework.security.web.servletapi.SecurityContextHolderAwareRequestFilter@308bd97b, org.springframework.security.web.authentication.AnonymousAuthenticationFilter@6c9a5b4d, org.springframework.security.web.session.SessionManagementFilter@6c7088f5, org.springframework.security.web.access.ExceptionTranslationFilter@6a2d3352, org.springframework.security.web.access.intercept.AuthorizationFilter@155dff3b][0;39m
[2024-01-15 11:00:26 [32mINFO [0;39m restartedMain] [org.springframework.boot.devtools.autoconfigure.OptionalLiveReloadServer] [36mLiveReload server is running on port 35729[0;39m
[2024-01-15 11:00:26 [32mINFO [0;39m restartedMain] [org.apache.coyote.http11.Http11NioProtocol] [36mStarting ProtocolHandler ["http-nio-8082"][0;39m
[2024-01-15 11:00:26 [32mINFO [0;39m restartedMain] [org.springframework.boot.web.embedded.tomcat.TomcatWebServer] [36mTomcat started on port 8082 (http) with context path ''[0;39m
[2024-01-15 11:00:26 [32mINFO [0;39m restartedMain] [com.greengram.greengram4.Greengram4Application] [36mStarted Greengram4Application in 0.423 seconds (process running for 11.631)[0;39m
[2024-01-15 11:00:26 [32mINFO [0;39m restartedMain] [org.springframework.boot.devtools.autoconfigure.ConditionEvaluationDeltaLoggingListener] [36mCondition evaluation unchanged[0;39m
[2024-01-15 11:02:07 [32mINFO [0;39m http-nio-8082-exec-1] [org.apache.catalina.core.ContainerBase.[Tomcat].[localhost].[/]] [36mInitializing Spring DispatcherServlet 'dispatcherServlet'[0;39m
[2024-01-15 11:02:07 [32mINFO [0;39m http-nio-8082-exec-1] [org.springframework.web.servlet.DispatcherServlet] [36mInitializing Servlet 'dispatcherServlet'[0;39m
[2024-01-15 11:02:07 [32mINFO [0;39m http-nio-8082-exec-1] [org.springframework.web.servlet.DispatcherServlet] [36mCompleted initialization in 1 ms[0;39m
[2024-01-15 11:02:07 [32mINFO [0;39m http-nio-8082-exec-1] [com.greengram.greengram4.security.JwtAuthenticationFilter] [36mJwtAuthentication-Token : null[0;39m
[2024-01-15 11:02:07 [32mINFO [0;39m http-nio-8082-exec-1] [com.zaxxer.hikari.HikariDataSource] [36mHikariPool-1 - Starting...[0;39m
[2024-01-15 11:02:07 [32mINFO [0;39m http-nio-8082-exec-1] [com.zaxxer.hikari.pool.HikariPool] [36mHikariPool-1 - Added connection org.mariadb.jdbc.Connection@64a7e23c[0;39m
[2024-01-15 11:02:07 [32mINFO [0;39m http-nio-8082-exec-1] [com.zaxxer.hikari.HikariDataSource] [36mHikariPool-1 - Start completed.[0;39m
[2024-01-15 11:02:30 [32mINFO [0;39m http-nio-8082-exec-2] [com.greengram.greengram4.security.JwtAuthenticationFilter] [36mJwtAuthentication-Token : eyJhbGciOiJIUzI1NiJ9.eyJ1c2VyIjoie1wiaXVzZXJcIjoxfSIsImlhdCI6MTcwNTI4NDEyNywiZXhwIjoxNzA1MjkxMzI3fQ.H6Rd3gONX9t8fnh1BfR91fCCevC0Vzxrpfrr9ORgI1g[0;39m
[2024-01-15 11:02:30 [32mINFO [0;39m http-nio-8082-exec-2] [com.greengram.greengram4.feed.FeedController] [36mdto : FeedInsDto(iuser=0, contents=뭘봐!, location=곽대감 집, ifeed=0, pics=null)[0;39m
[2024-01-15 11:02:30 [32mINFO [0;39m http-nio-8082-exec-2] [com.greengram.greengram4.feed.FeedController] [36mpics : 3[0;39m
[2024-01-15 11:02:30 [32mINFO [0;39m http-nio-8082-exec-2] [com.greengram.greengram4.feed.FeedService] [36mdto: FeedInsDto(iuser=1, contents=뭘봐!, location=곽대감 집, ifeed=0, pics=[org.springframework.web.multipart.support.StandardMultipartHttpServletRequest$StandardMultipartFile@3631c7e1, org.springframework.web.multipart.support.StandardMultipartHttpServletRequest$StandardMultipartFile@6f120395, org.springframework.web.multipart.support.StandardMultipartHttpServletRequest$StandardMultipartFile@58750d44])[0;39m
[2024-01-15 11:02:30 [32mINFO [0;39m http-nio-8082-exec-2] [com.greengram.greengram4.feed.FeedService] [36mfeedAffectedRows: 1[0;39m
[2024-01-15 11:19:42 INFO  Test worker] [com.greengram.greengram4.feed.FeedMapperTest] Starting FeedMapperTest using Java 17.0.8.1 with PID 2300 (started by Administrator in D:\Students\hyun\java\greengram4)
[2024-01-15 11:19:42 INFO  Test worker] [com.greengram.greengram4.feed.FeedMapperTest] No active profile set, falling back to 1 default profile: "default"
[2024-01-15 11:19:43 INFO  Test worker] [com.greengram.greengram4.feed.FeedMapperTest] Started FeedMapperTest in 0.912 seconds (process running for 1.819)
[2024-01-15 11:19:43 INFO  Test worker] [com.zaxxer.hikari.HikariDataSource] HikariPool-1 - Starting...
[2024-01-15 11:19:43 INFO  Test worker] [com.zaxxer.hikari.pool.HikariPool] HikariPool-1 - Added connection org.mariadb.jdbc.Connection@5a4d4f9c
[2024-01-15 11:19:43 INFO  Test worker] [com.zaxxer.hikari.HikariDataSource] HikariPool-1 - Start completed.
[2024-01-15 11:19:43 INFO  SpringApplicationShutdownHook] [com.zaxxer.hikari.HikariDataSource] HikariPool-1 - Shutdown initiated...
[2024-01-15 11:19:43 INFO  SpringApplicationShutdownHook] [com.zaxxer.hikari.HikariDataSource] HikariPool-1 - Shutdown completed.
[2024-01-15 11:33:36 [32mINFO [0;39m SpringApplicationShutdownHook] [com.zaxxer.hikari.HikariDataSource] [36mHikariPool-1 - Shutdown initiated...[0;39m
[2024-01-15 11:33:36 [32mINFO [0;39m SpringApplicationShutdownHook] [com.zaxxer.hikari.HikariDataSource] [36mHikariPool-1 - Shutdown completed.[0;39m
